Using pre-set license
Built from '2021.3/staging' branch; Version is '2021.3.21f1 (1b156197d683) revision 1774945'; Using compiler version '192829333'; Build Type 'Release'
OS: 'Windows 10  (10.0.19043) 64bit Core' Language: 'es' Physical Memory: 8076 MB
BatchMode: 1, IsHumanControllingUs: 0, StartBugReporterOnCrash: 0, Is64bit: 1, IsPro: 1

COMMAND LINE ARGUMENTS:
C:\Program Files\Unity\Hub\Editor\2021.3.21f1\Editor\Unity.exe
-adb2
-batchMode
-noUpm
-name
AssetImportWorker2
-projectPath
C:/Users/usuario/Documents/GitHub/CarritoHamburguesas/CarritoHamburguesas
-logFile
Logs/AssetImportWorker2.log
-srvPort
62937
Successfully changed project path to: C:/Users/usuario/Documents/GitHub/CarritoHamburguesas/CarritoHamburguesas
C:/Users/usuario/Documents/GitHub/CarritoHamburguesas/CarritoHamburguesas
[UnityMemory] Configuration Parameters - Can be set up in boot.config
    "memorysetup-bucket-allocator-granularity=16"
    "memorysetup-bucket-allocator-bucket-count=8"
    "memorysetup-bucket-allocator-block-size=33554432"
    "memorysetup-bucket-allocator-block-count=8"
    "memorysetup-main-allocator-block-size=16777216"
    "memorysetup-thread-allocator-block-size=16777216"
    "memorysetup-gfx-main-allocator-block-size=16777216"
    "memorysetup-gfx-thread-allocator-block-size=16777216"
    "memorysetup-cache-allocator-block-size=4194304"
    "memorysetup-typetree-allocator-block-size=2097152"
    "memorysetup-profiler-bucket-allocator-granularity=16"
    "memorysetup-profiler-bucket-allocator-bucket-count=8"
    "memorysetup-profiler-bucket-allocator-block-size=33554432"
    "memorysetup-profiler-bucket-allocator-block-count=8"
    "memorysetup-profiler-allocator-block-size=16777216"
    "memorysetup-profiler-editor-allocator-block-size=1048576"
    "memorysetup-temp-allocator-size-main=16777216"
    "memorysetup-job-temp-allocator-block-size=2097152"
    "memorysetup-job-temp-allocator-block-size-background=1048576"
    "memorysetup-job-temp-allocator-reduction-small-platforms=262144"
    "memorysetup-temp-allocator-size-background-worker=32768"
    "memorysetup-temp-allocator-size-job-worker=262144"
    "memorysetup-temp-allocator-size-preload-manager=33554432"
    "memorysetup-temp-allocator-size-nav-mesh-worker=65536"
    "memorysetup-temp-allocator-size-audio-worker=65536"
    "memorysetup-temp-allocator-size-cloud-worker=32768"
    "memorysetup-temp-allocator-size-gi-baking-worker=262144"
    "memorysetup-temp-allocator-size-gfx=262144"
Player connection [16292] Host "[IP] 192.168.1.3 [Port] 0 [Flags] 2 [Guid] 2389621524 [EditorId] 2389621524 [Version] 1048832 [Id] WindowsEditor(7,DESKTOP-29UQJCJ) [Debug] 1 [PackageName] WindowsEditor [ProjectName] Editor" joined multi-casting on [225.0.0.222:54997]...

Player connection [16292] Host "[IP] 192.168.1.3 [Port] 0 [Flags] 2 [Guid] 2389621524 [EditorId] 2389621524 [Version] 1048832 [Id] WindowsEditor(7,DESKTOP-29UQJCJ) [Debug] 1 [PackageName] WindowsEditor [ProjectName] Editor" joined alternative multi-casting on [225.0.0.222:34997]...

Refreshing native plugins compatible for Editor in 254.32 ms, found 8 plugins.
Preloading 1 native plugins for Editor in 1.62 ms.
Initialize engine version: 2021.3.21f1 (1b156197d683)
[Subsystems] Discovering subsystems at path C:/Program Files/Unity/Hub/Editor/2021.3.21f1/Editor/Data/Resources/UnitySubsystems
[Subsystems] Discovering subsystems at path C:/Users/usuario/Documents/GitHub/CarritoHamburguesas/CarritoHamburguesas/Assets
GfxDevice: creating device client; threaded=0; jobified=0
Direct3D:
    Version:  Direct3D 11.0 [level 11.1]
    Renderer: NVIDIA GeForce GTX 1050 (ID=0x1c8d)
    Vendor:   NVIDIA
    VRAM:     1978 MB
    Driver:   31.0.15.2698
Shader 'Oculus/OVRMRCameraFrameLit': fallback shader 'Alpha-Diffuse' not found
Initialize mono
Mono path[0] = 'C:/Program Files/Unity/Hub/Editor/2021.3.21f1/Editor/Data/Managed'
Mono path[1] = 'C:/Program Files/Unity/Hub/Editor/2021.3.21f1/Editor/Data/MonoBleedingEdge/lib/mono/unityjit-win32'
Mono config path = 'C:/Program Files/Unity/Hub/Editor/2021.3.21f1/Editor/Data/MonoBleedingEdge/etc'
Using monoOptions --debugger-agent=transport=dt_socket,embedding=1,server=y,suspend=n,address=127.0.0.1:56640
Begin MonoManager ReloadAssembly
Registering precompiled unity dll's ...
Register platform support module: C:/Program Files/Unity/Hub/Editor/2021.3.21f1/Editor/Data/PlaybackEngines/WindowsStandaloneSupport/UnityEditor.WindowsStandalone.Extensions.dll
Registered in 0.009879 seconds.
Native extension for WindowsStandalone target not found
Refreshing native plugins compatible for Editor in 196.53 ms, found 8 plugins.
Preloading 1 native plugins for Editor in 0.11 ms.
Mono: successfully reloaded assembly
- Completed reload, in  1.211 seconds
Domain Reload Profiling:
	ReloadAssembly (1212ms)
		BeginReloadAssembly (310ms)
			ExecutionOrderSort (0ms)
			DisableScriptedObjects (0ms)
			BackupInstance (0ms)
			ReleaseScriptingObjects (0ms)
			CreateAndSetChildDomain (1ms)
		EndReloadAssembly (758ms)
			LoadAssemblies (307ms)
			RebuildTransferFunctionScriptingTraits (0ms)
			SetupTypeCache (156ms)
			ReleaseScriptCaches (0ms)
			RebuildScriptCaches (42ms)
			SetupLoadedEditorAssemblies (475ms)
				LogAssemblyErrors (0ms)
				InitializePlatformSupportModulesInManaged (14ms)
				SetLoadedEditorAssemblies (0ms)
				RefreshPlugins (197ms)
				BeforeProcessingInitializeOnLoad (1ms)
				ProcessInitializeOnLoadAttributes (191ms)
				ProcessInitializeOnLoadMethodAttributes (72ms)
				AfterProcessingInitializeOnLoad (0ms)
				EditorAssembliesLoaded (0ms)
			ExecutionOrderSort2 (0ms)
			AwakeInstancesAfterBackupRestoration (0ms)
Platform modules already initialized, skipping
Registering precompiled user dll's ...
Registered in 0.030455 seconds.
Begin MonoManager ReloadAssembly
Symbol file LoadedFromMemory doesn't match image C:\Users\usuario\Documents\GitHub\CarritoHamburguesas\CarritoHamburguesas\Library\PackageCache\com.unity.visualscripting@1.8.0\Editor\VisualScripting.Core\Dependencies\DotNetZip\Unity.VisualScripting.IonicZip.dll
Symbol file LoadedFromMemory doesn't match image C:\Users\usuario\Documents\GitHub\CarritoHamburguesas\CarritoHamburguesas\Library\PackageCache\com.unity.visualscripting@1.8.0\Editor\VisualScripting.Core\Dependencies\YamlDotNet\Unity.VisualScripting.YamlDotNet.dll
Native extension for WindowsStandalone target not found
Refreshing native plugins compatible for Editor in 1.59 ms, found 8 plugins.
Preloading 1 native plugins for Editor in 0.10 ms.
Package Manager log level set to [2]
[XR] OculusXRPlugin: registering subsystems
[XR] Unable to register display lifecyle provider: [1]
[XR] Oculus Input lifecycle provider registered.
[XR] Unable to register input lifecyle provider: [1]
[XR] OVRP version 1.85.0
Mono: successfully reloaded assembly
- Completed reload, in  2.202 seconds
Domain Reload Profiling:
	ReloadAssembly (2204ms)
		BeginReloadAssembly (178ms)
			ExecutionOrderSort (0ms)
			DisableScriptedObjects (7ms)
			BackupInstance (0ms)
			ReleaseScriptingObjects (1ms)
			CreateAndSetChildDomain (27ms)
		EndReloadAssembly (1874ms)
			LoadAssemblies (389ms)
			RebuildTransferFunctionScriptingTraits (0ms)
			SetupTypeCache (455ms)
			ReleaseScriptCaches (1ms)
			RebuildScriptCaches (131ms)
			SetupLoadedEditorAssemblies (845ms)
				LogAssemblyErrors (0ms)
				InitializePlatformSupportModulesInManaged (8ms)
				SetLoadedEditorAssemblies (0ms)
				RefreshPlugins (2ms)
				BeforeProcessingInitializeOnLoad (156ms)
				ProcessInitializeOnLoadAttributes (622ms)
				ProcessInitializeOnLoadMethodAttributes (42ms)
				AfterProcessingInitializeOnLoad (15ms)
				EditorAssembliesLoaded (0ms)
			ExecutionOrderSort2 (0ms)
			AwakeInstancesAfterBackupRestoration (14ms)
Platform modules already initialized, skipping
========================================================================
Worker process is ready to serve import requests
Shader 'Oculus/OVRMRCameraFrameLit': fallback shader 'Alpha-Diffuse' not found
Launched and connected shader compiler UnityShaderCompiler.exe after 0.12 seconds
Refreshing native plugins compatible for Editor in 2.23 ms, found 8 plugins.
Preloading 1 native plugins for Editor in 0.17 ms.
Unloading 4803 Unused Serialized files (Serialized files now loaded: 0)
Unloading 54 unused Assets / (193.8 KB). Loaded Objects now: 5244.
Memory consumption went from 177.1 MB to 176.9 MB.
Total: 5.989400 ms (FindLiveObjects: 0.478700 ms CreateObjectMapping: 0.343900 ms MarkObjects: 4.775500 ms  DeleteObjects: 0.390300 ms)

AssetImportParameters requested are different than current active one (requested -> active):
  custom:video-decoder-ogg-theora: a1e56fd34408186e4bbccfd4996cb3dc -> 
  custom:container-muxer-webm: aa71ff27fc2769a1b78a27578f13a17b -> 
  custom:container-demuxer-webm: 4f35f7cbe854078d1ac9338744f61a02 -> 
  custom:video-encoder-webm-vp8: eb34c28f22e8b96e1ab97ce403110664 -> 
  custom:audio-encoder-webm-vorbis: bf7c407c2cedff20999df2af8eb42d56 -> 
  custom:framework-win-MediaFoundation: 216162199b28c13a410421893ffa2e32 -> 
  custom:container-demuxer-ogg: 62fdf1f143b41e24485cea50d1cbac27 -> 
  custom:video-decoder-webm-vp8: 9c59270c3fd7afecdb556c50c9e8de78 -> 
  custom:audio-decoder-ogg-vorbis: bf7c407c2cedff20999df2af8eb42d56 -> 
========================================================================
Received Import Request.
  Time since last request: 43390.461866 seconds.
  path: Assets/Resources/OculusRuntimeSettings.asset
  artifactKey: Guid(b84d3ead66ba4a6469c2e19c63c830b2) Importer(815301076,1909f56bfc062723c751e8b465ee728b)
Start importing Assets/Resources/OculusRuntimeSettings.asset using Guid(b84d3ead66ba4a6469c2e19c63c830b2) Importer(815301076,1909f56bfc062723c751e8b465ee728b)  -> (artifact id: '5a198dbe4125c579937cadc38a474a06') in 0.104329 seconds 
========================================================================
Received Import Request.
  Time since last request: 47.605655 seconds.
  path: Assets/POLYGON city pack/Prefabs
  artifactKey: Guid(55c50c4d813fe7140a42d24d27cfa7fc) Importer(815301076,1909f56bfc062723c751e8b465ee728b)
Start importing Assets/POLYGON city pack/Prefabs using Guid(55c50c4d813fe7140a42d24d27cfa7fc) Importer(815301076,1909f56bfc062723c751e8b465ee728b)  -> (artifact id: 'bce6d0b1b189f32454d15f87365b890c') in 0.019527 seconds 
========================================================================
Received Import Request.
  Time since last request: 3.269896 seconds.
  path: Assets/POLYGON city pack/Prefabs/Buildings
  artifactKey: Guid(a56c14f3d9b631d4d8914c91cc3d33f3) Importer(815301076,1909f56bfc062723c751e8b465ee728b)
Start importing Assets/POLYGON city pack/Prefabs/Buildings using Guid(a56c14f3d9b631d4d8914c91cc3d33f3) Importer(815301076,1909f56bfc062723c751e8b465ee728b)  -> (artifact id: 'a5bb3c97647cca1e31d0517162ea0b42') in 0.019998 seconds 
========================================================================
Received Import Request.
  Time since last request: 0.058014 seconds.
  path: Assets/POLYGON city pack/Prefabs/Buildings/Bank_prefab.prefab
  artifactKey: Guid(2c1f60045e2f58f48966f8cea8354944) Importer(815301076,1909f56bfc062723c751e8b465ee728b)
Start importing Assets/POLYGON city pack/Prefabs/Buildings/Bank_prefab.prefab using Guid(2c1f60045e2f58f48966f8cea8354944) Importer(815301076,1909f56bfc062723c751e8b465ee728b)  -> (artifact id: '901222ac36a56c58e268f20a14d6b3ea') in 0.335045 seconds 
========================================================================
Received Import Request.
  Time since last request: 0.000041 seconds.
  path: Assets/POLYGON city pack/Prefabs/Buildings/Gas_station_A_PREFAB.prefab
  artifactKey: Guid(01bbe20c855564648b02e0092e511cac) Importer(815301076,1909f56bfc062723c751e8b465ee728b)
Start importing Assets/POLYGON city pack/Prefabs/Buildings/Gas_station_A_PREFAB.prefab using Guid(01bbe20c855564648b02e0092e511cac) Importer(815301076,1909f56bfc062723c751e8b465ee728b)  -> (artifact id: '732f3d9df1128356c601b4f4d8b980f6') in 0.225639 seconds 
========================================================================
Received Import Request.
  Time since last request: 0.000092 seconds.
  path: Assets/POLYGON city pack/Prefabs/Buildings/Building_B1_prefab.prefab
  artifactKey: Guid(a60988b24f8ff094ba511054edf48a9d) Importer(815301076,1909f56bfc062723c751e8b465ee728b)
Start importing Assets/POLYGON city pack/Prefabs/Buildings/Building_B1_prefab.prefab using Guid(a60988b24f8ff094ba511054edf48a9d) Importer(815301076,1909f56bfc062723c751e8b465ee728b)  -> (artifact id: '93eadbeee44454a14d120a8436c0697d') in 0.118464 seconds 
========================================================================
Received Import Request.
  Time since last request: 0.000030 seconds.
  path: Assets/POLYGON city pack/Prefabs/Buildings/Shop_A_prefab.prefab
  artifactKey: Guid(49e4fbb0397806849a4871cd85eaca26) Importer(815301076,1909f56bfc062723c751e8b465ee728b)
Start importing Assets/POLYGON city pack/Prefabs/Buildings/Shop_A_prefab.prefab using Guid(49e4fbb0397806849a4871cd85eaca26) Importer(815301076,1909f56bfc062723c751e8b465ee728b)  -> (artifact id: '33c92d57421b6e6f63a789a9d670c233') in 0.146291 seconds 
========================================================================
Received Import Request.
  Time since last request: 0.000038 seconds.
  path: Assets/POLYGON city pack/Prefabs/Buildings/Building_N_Prefab.prefab
  artifactKey: Guid(bbad862e7e06efe4a8ad0346a53e3cde) Importer(815301076,1909f56bfc062723c751e8b465ee728b)
Start importing Assets/POLYGON city pack/Prefabs/Buildings/Building_N_Prefab.prefab using Guid(bbad862e7e06efe4a8ad0346a53e3cde) Importer(815301076,1909f56bfc062723c751e8b465ee728b)  -> (artifact id: 'e9e66398a4f67d02ce27f15296edd59f') in 0.149258 seconds 
========================================================================
Received Import Request.
  Time since last request: 0.000045 seconds.
  path: Assets/POLYGON city pack/Prefabs/Buildings/Supermaket_prefab.prefab
  artifactKey: Guid(c6e50eec7153f5b45ac3917fb6cfd06a) Importer(815301076,1909f56bfc062723c751e8b465ee728b)
Start importing Assets/POLYGON city pack/Prefabs/Buildings/Supermaket_prefab.prefab using Guid(c6e50eec7153f5b45ac3917fb6cfd06a) Importer(815301076,1909f56bfc062723c751e8b465ee728b)  -> (artifact id: '2bedd604ed7e624b20988a8858f75e96') in 0.169942 seconds 
========================================================================
Received Import Request.
  Time since last request: 0.000044 seconds.
  path: Assets/POLYGON city pack/Prefabs/Buildings/Building_O_PREFAB.prefab
  artifactKey: Guid(4410dff019705d648959a9ceea02bfbb) Importer(815301076,1909f56bfc062723c751e8b465ee728b)
Start importing Assets/POLYGON city pack/Prefabs/Buildings/Building_O_PREFAB.prefab using Guid(4410dff019705d648959a9ceea02bfbb) Importer(815301076,1909f56bfc062723c751e8b465ee728b)  -> (artifact id: '9dc49dcb12621431f032f5d3545be52d') in 0.119847 seconds 
========================================================================
Received Import Request.
  Time since last request: 0.000054 seconds.
  path: Assets/POLYGON city pack/Prefabs/Buildings/Building_H_prefab.prefab
  artifactKey: Guid(c8c7944afbb63f548bf2b2bddd8a848f) Importer(815301076,1909f56bfc062723c751e8b465ee728b)
Start importing Assets/POLYGON city pack/Prefabs/Buildings/Building_H_prefab.prefab using Guid(c8c7944afbb63f548bf2b2bddd8a848f) Importer(815301076,1909f56bfc062723c751e8b465ee728b)  -> (artifact id: 'd47c038dc19636b78f2af769a243d423') in 0.140745 seconds 
========================================================================
Received Import Request.
  Time since last request: 0.000071 seconds.
  path: Assets/POLYGON city pack/Prefabs/Buildings/building_X_prefab.prefab
  artifactKey: Guid(1c6290f76fd11c74fa326bdf8cd95a9f) Importer(815301076,1909f56bfc062723c751e8b465ee728b)
Start importing Assets/POLYGON city pack/Prefabs/Buildings/building_X_prefab.prefab using Guid(1c6290f76fd11c74fa326bdf8cd95a9f) Importer(815301076,1909f56bfc062723c751e8b465ee728b)  -> (artifact id: '9262747c9ec2f137ad0fec90c2cf58ed') in 0.149507 seconds 
========================================================================
Received Import Request.
  Time since last request: 0.000039 seconds.
  path: Assets/POLYGON city pack/Prefabs/Buildings/Shop_B_prefab.prefab
  artifactKey: Guid(9a52ba64c3a0abf49ad9515917ade04b) Importer(815301076,1909f56bfc062723c751e8b465ee728b)
Start importing Assets/POLYGON city pack/Prefabs/Buildings/Shop_B_prefab.prefab using Guid(9a52ba64c3a0abf49ad9515917ade04b) Importer(815301076,1909f56bfc062723c751e8b465ee728b)  -> (artifact id: '3bab35d9c6122d35638bc27687185ee0') in 0.801678 seconds 
========================================================================
Received Import Request.
  Time since last request: 289.306216 seconds.
  path: Assets/POLYGON city pack/Prefabs/Lamps
  artifactKey: Guid(22018a46ed9904e4c910ee0ef3ee8a17) Importer(815301076,1909f56bfc062723c751e8b465ee728b)
Start importing Assets/POLYGON city pack/Prefabs/Lamps using Guid(22018a46ed9904e4c910ee0ef3ee8a17) Importer(815301076,1909f56bfc062723c751e8b465ee728b)  -> (artifact id: 'f0bfa000230aacbcec4c6c3981b99289') in 0.015390 seconds 
========================================================================
Received Import Request.
  Time since last request: 0.255749 seconds.
  path: Assets/POLYGON city pack/Prefabs/Lamps/Lamp_1_prefab.prefab
  artifactKey: Guid(18f34cfb2ff07b34b82a0f8c7d75a020) Importer(815301076,1909f56bfc062723c751e8b465ee728b)
Start importing Assets/POLYGON city pack/Prefabs/Lamps/Lamp_1_prefab.prefab using Guid(18f34cfb2ff07b34b82a0f8c7d75a020) Importer(815301076,1909f56bfc062723c751e8b465ee728b)  -> (artifact id: 'ee7f4bb1c1a07091e71064a5eec3ad0c') in 0.046561 seconds 
========================================================================
Received Import Request.
  Time since last request: 0.000054 seconds.
  path: Assets/POLYGON city pack/Prefabs/Lamps/Lamp_4_prefab.prefab
  artifactKey: Guid(efbec96b2d3e0b5429a2e20c21fdfeda) Importer(815301076,1909f56bfc062723c751e8b465ee728b)
Start importing Assets/POLYGON city pack/Prefabs/Lamps/Lamp_4_prefab.prefab using Guid(efbec96b2d3e0b5429a2e20c21fdfeda) Importer(815301076,1909f56bfc062723c751e8b465ee728b)  -> (artifact id: '844c388a3f1f374172d59957b7efe1f6') in 0.047102 seconds 
========================================================================
Received Import Request.
  Time since last request: 0.000055 seconds.
  path: Assets/POLYGON city pack/Prefabs/Lamps/street lamp 2 prefab.prefab
  artifactKey: Guid(3744e668ae9047e4b9590c326355161c) Importer(815301076,1909f56bfc062723c751e8b465ee728b)
Start importing Assets/POLYGON city pack/Prefabs/Lamps/street lamp 2 prefab.prefab using Guid(3744e668ae9047e4b9590c326355161c) Importer(815301076,1909f56bfc062723c751e8b465ee728b)  -> (artifact id: 'c8a2072ba744ebdaa43d5cf776bca083') in 0.052327 seconds 
========================================================================
Received Import Request.
  Time since last request: 0.000111 seconds.
  path: Assets/POLYGON city pack/Prefabs/Lamps/Lamp_3_prefab.prefab
  artifactKey: Guid(7c09194ef6a23a947948e105b6da62b2) Importer(815301076,1909f56bfc062723c751e8b465ee728b)
Start importing Assets/POLYGON city pack/Prefabs/Lamps/Lamp_3_prefab.prefab using Guid(7c09194ef6a23a947948e105b6da62b2) Importer(815301076,1909f56bfc062723c751e8b465ee728b)  -> (artifact id: '6a651595c5230d73711b21fea821c92c') in 0.047427 seconds 
========================================================================
Received Import Request.
  Time since last request: 0.000032 seconds.
  path: Assets/POLYGON city pack/Prefabs/Lamps/Lamp_6_prefab.prefab
  artifactKey: Guid(a0be46bd354c1ae4fa9dce3dfe7a25c1) Importer(815301076,1909f56bfc062723c751e8b465ee728b)
Start importing Assets/POLYGON city pack/Prefabs/Lamps/Lamp_6_prefab.prefab using Guid(a0be46bd354c1ae4fa9dce3dfe7a25c1) Importer(815301076,1909f56bfc062723c751e8b465ee728b)  -> (artifact id: 'd8ddfebc6935f55147bc38d0d8d812dc') in 0.050257 seconds 
========================================================================
Received Import Request.
  Time since last request: 3.017315 seconds.
  path: Assets/POLYGON city pack/Prefabs/Letters
  artifactKey: Guid(b774ec948cc018445a76a0cef6fb39ec) Importer(815301076,1909f56bfc062723c751e8b465ee728b)
Start importing Assets/POLYGON city pack/Prefabs/Letters using Guid(b774ec948cc018445a76a0cef6fb39ec) Importer(815301076,1909f56bfc062723c751e8b465ee728b)  -> (artifact id: 'b6be1641dbda75087679b3b3562526d8') in 0.021175 seconds 
========================================================================
Received Import Request.
  Time since last request: 0.042192 seconds.
  path: Assets/POLYGON city pack/Prefabs/Letters/Letter_A_Prefab.prefab
  artifactKey: Guid(486263a6295235a40a3ba56b8111437e) Importer(815301076,1909f56bfc062723c751e8b465ee728b)
Start importing Assets/POLYGON city pack/Prefabs/Letters/Letter_A_Prefab.prefab using Guid(486263a6295235a40a3ba56b8111437e) Importer(815301076,1909f56bfc062723c751e8b465ee728b)  -> (artifact id: '09747f46dc01311ce2394a6a2de351f7') in 0.031341 seconds 
========================================================================
Received Import Request.
  Time since last request: 0.000049 seconds.
  path: Assets/POLYGON city pack/Prefabs/Letters/Letter_E_Prefab.prefab
  artifactKey: Guid(3a8c76fe5ec38c6458fcafb62cb2a0d9) Importer(815301076,1909f56bfc062723c751e8b465ee728b)
Start importing Assets/POLYGON city pack/Prefabs/Letters/Letter_E_Prefab.prefab using Guid(3a8c76fe5ec38c6458fcafb62cb2a0d9) Importer(815301076,1909f56bfc062723c751e8b465ee728b)  -> (artifact id: '2b8a09b45c5454e00495acb92dc367b3') in 0.027540 seconds 
========================================================================
Received Import Request.
  Time since last request: 0.000056 seconds.
  path: Assets/POLYGON city pack/Prefabs/Letters/Letter_J_Prefab.prefab
  artifactKey: Guid(7752320cf6198664eb1aca7ace852384) Importer(815301076,1909f56bfc062723c751e8b465ee728b)
Start importing Assets/POLYGON city pack/Prefabs/Letters/Letter_J_Prefab.prefab using Guid(7752320cf6198664eb1aca7ace852384) Importer(815301076,1909f56bfc062723c751e8b465ee728b)  -> (artifact id: 'c576885704cadcd251700e481c6d1df8') in 0.034815 seconds 
========================================================================
Received Import Request.
  Time since last request: 0.000032 seconds.
  path: Assets/POLYGON city pack/Prefabs/Letters/Letter_S_Prefab.prefab
  artifactKey: Guid(a853a23c8b083df4a88eb2fc76e64a7b) Importer(815301076,1909f56bfc062723c751e8b465ee728b)
Start importing Assets/POLYGON city pack/Prefabs/Letters/Letter_S_Prefab.prefab using Guid(a853a23c8b083df4a88eb2fc76e64a7b) Importer(815301076,1909f56bfc062723c751e8b465ee728b)  -> (artifact id: '04bd59ef60ffe1dfb2e38cf66d423a5f') in 0.025424 seconds 
========================================================================
Received Import Request.
  Time since last request: 0.000030 seconds.
  path: Assets/POLYGON city pack/Prefabs/Letters/Letter_K_Prefab.prefab
  artifactKey: Guid(c7464297316a22143a5cb70f3c732226) Importer(815301076,1909f56bfc062723c751e8b465ee728b)
Start importing Assets/POLYGON city pack/Prefabs/Letters/Letter_K_Prefab.prefab using Guid(c7464297316a22143a5cb70f3c732226) Importer(815301076,1909f56bfc062723c751e8b465ee728b)  -> (artifact id: '6aa90cdb3edaf90f46c9e55f5bd87f6b') in 0.049852 seconds 
========================================================================
Received Import Request.
  Time since last request: 0.000027 seconds.
  path: Assets/POLYGON city pack/Prefabs/Letters/Letter_G_Prefab.prefab
  artifactKey: Guid(6487558c8141df54f8660f86fe691e58) Importer(815301076,1909f56bfc062723c751e8b465ee728b)
Start importing Assets/POLYGON city pack/Prefabs/Letters/Letter_G_Prefab.prefab using Guid(6487558c8141df54f8660f86fe691e58) Importer(815301076,1909f56bfc062723c751e8b465ee728b)  -> (artifact id: '06f3484736db9772d29f822825983c6d') in 0.050048 seconds 
========================================================================
Received Import Request.
  Time since last request: 0.000048 seconds.
  path: Assets/POLYGON city pack/Prefabs/Letters/Letter_U_Prefab.prefab
  artifactKey: Guid(bad69329b592f22448ec9dd8ac687ad4) Importer(815301076,1909f56bfc062723c751e8b465ee728b)
Start importing Assets/POLYGON city pack/Prefabs/Letters/Letter_U_Prefab.prefab using Guid(bad69329b592f22448ec9dd8ac687ad4) Importer(815301076,1909f56bfc062723c751e8b465ee728b)  -> (artifact id: 'd54d6fc91bafe696214a053f26fb2896') in 0.047722 seconds 
========================================================================
Received Import Request.
  Time since last request: 0.000035 seconds.
  path: Assets/POLYGON city pack/Prefabs/Letters/Letter_L_Prefab.prefab
  artifactKey: Guid(13e171104ed12b849a7bd5e888d86142) Importer(815301076,1909f56bfc062723c751e8b465ee728b)
Start importing Assets/POLYGON city pack/Prefabs/Letters/Letter_L_Prefab.prefab using Guid(13e171104ed12b849a7bd5e888d86142) Importer(815301076,1909f56bfc062723c751e8b465ee728b)  -> (artifact id: 'c7fcc2daf0c8fbb739a57d8039f0b562') in 0.041151 seconds 
========================================================================
Received Import Request.
  Time since last request: 0.000063 seconds.
  path: Assets/POLYGON city pack/Prefabs/Letters/Letter_I_Prefab.prefab
  artifactKey: Guid(bcec7c2b0048dfa4582dd821645c76b4) Importer(815301076,1909f56bfc062723c751e8b465ee728b)
Start importing Assets/POLYGON city pack/Prefabs/Letters/Letter_I_Prefab.prefab using Guid(bcec7c2b0048dfa4582dd821645c76b4) Importer(815301076,1909f56bfc062723c751e8b465ee728b)  -> (artifact id: 'fbfbc6824c56a037a2a213448ac84323') in 0.045576 seconds 
========================================================================
Received Import Request.
  Time since last request: 0.000030 seconds.
  path: Assets/POLYGON city pack/Prefabs/Letters/Letter_Q_Prefab.prefab
  artifactKey: Guid(91ab83aee48df174a82434785f82806d) Importer(815301076,1909f56bfc062723c751e8b465ee728b)
Start importing Assets/POLYGON city pack/Prefabs/Letters/Letter_Q_Prefab.prefab using Guid(91ab83aee48df174a82434785f82806d) Importer(815301076,1909f56bfc062723c751e8b465ee728b)  -> (artifact id: '25f1a7a332bbbe1ec9117db6c9533bff') in 0.039840 seconds 
========================================================================
Received Import Request.
  Time since last request: 0.000049 seconds.
  path: Assets/POLYGON city pack/Prefabs/Letters/Letter_W_Prefab.prefab
  artifactKey: Guid(524bd252d99a0cc44ac73104d16de0e0) Importer(815301076,1909f56bfc062723c751e8b465ee728b)
Start importing Assets/POLYGON city pack/Prefabs/Letters/Letter_W_Prefab.prefab using Guid(524bd252d99a0cc44ac73104d16de0e0) Importer(815301076,1909f56bfc062723c751e8b465ee728b)  -> (artifact id: '546373f3dc61767b96b14fa767ae3c7e') in 0.048976 seconds 
========================================================================
Received Import Request.
  Time since last request: 0.000093 seconds.
  path: Assets/POLYGON city pack/Prefabs/Letters/Letter_N_Prefab.prefab
  artifactKey: Guid(0778b4c717fc2d141bfacce1e4453883) Importer(815301076,1909f56bfc062723c751e8b465ee728b)
Start importing Assets/POLYGON city pack/Prefabs/Letters/Letter_N_Prefab.prefab using Guid(0778b4c717fc2d141bfacce1e4453883) Importer(815301076,1909f56bfc062723c751e8b465ee728b)  -> (artifact id: '54011fab50dbda94e2a0da5f3185296c') in 0.050040 seconds 
========================================================================
Received Import Request.
  Time since last request: 0.000034 seconds.
  path: Assets/POLYGON city pack/Prefabs/Letters/Letter_C_Prefab.prefab
  artifactKey: Guid(41191e97f24858b4b982738b33be1ed4) Importer(815301076,1909f56bfc062723c751e8b465ee728b)
Start importing Assets/POLYGON city pack/Prefabs/Letters/Letter_C_Prefab.prefab using Guid(41191e97f24858b4b982738b33be1ed4) Importer(815301076,1909f56bfc062723c751e8b465ee728b)  -> (artifact id: 'e9512edd30dbc5e1172a89e83710715c') in 0.038543 seconds 
========================================================================
Received Import Request.
  Time since last request: 1.936831 seconds.
  path: Assets/POLYGON city pack/Prefabs/Props
  artifactKey: Guid(dce026fb71e70fd42acd6fbfdecc07a8) Importer(815301076,1909f56bfc062723c751e8b465ee728b)
Start importing Assets/POLYGON city pack/Prefabs/Props using Guid(dce026fb71e70fd42acd6fbfdecc07a8) Importer(815301076,1909f56bfc062723c751e8b465ee728b)  -> (artifact id: 'ab45c55519a5c6a661aa1bf581fe6d44') in 0.021858 seconds 
========================================================================
Received Import Request.
  Time since last request: 0.000082 seconds.
  path: Assets/POLYGON city pack/Prefabs/Props/Bus stop pole prefabe.prefab
  artifactKey: Guid(937333d453eaea246af48ac0fc62b5e0) Importer(815301076,1909f56bfc062723c751e8b465ee728b)
Start importing Assets/POLYGON city pack/Prefabs/Props/Bus stop pole prefabe.prefab using Guid(937333d453eaea246af48ac0fc62b5e0) Importer(815301076,1909f56bfc062723c751e8b465ee728b)  -> (artifact id: 'de2d86bd90ef25c709048c40b27ca1cc') in 0.095014 seconds 
========================================================================
Received Import Request.
  Time since last request: 0.000183 seconds.
  path: Assets/POLYGON city pack/Prefabs/Props/Bus stop prefab.prefab
  artifactKey: Guid(30916da9dd66da74d8e831f29c0b250f) Importer(815301076,1909f56bfc062723c751e8b465ee728b)
Start importing Assets/POLYGON city pack/Prefabs/Props/Bus stop prefab.prefab using Guid(30916da9dd66da74d8e831f29c0b250f) Importer(815301076,1909f56bfc062723c751e8b465ee728b)  -> (artifact id: '371b198e7b13e10801aadf87a0273b4a') in 0.284382 seconds 
========================================================================
Received Import Request.
  Time since last request: 0.000047 seconds.
  path: Assets/POLYGON city pack/Prefabs/Props/electrcity box prefab.prefab
  artifactKey: Guid(00330848c56cf3e42aefd14a7ebd14c6) Importer(815301076,1909f56bfc062723c751e8b465ee728b)
Start importing Assets/POLYGON city pack/Prefabs/Props/electrcity box prefab.prefab using Guid(00330848c56cf3e42aefd14a7ebd14c6) Importer(815301076,1909f56bfc062723c751e8b465ee728b)  -> (artifact id: 'e9f6c3a377d478d6144e7b4d9a94dccf') in 0.049104 seconds 
========================================================================
Received Import Request.
  Time since last request: 0.000055 seconds.
  path: Assets/POLYGON city pack/Prefabs/Props/Flower 1 prefab D.prefab
  artifactKey: Guid(c1a6c832f3b6e494d80a048d5e7ff3e1) Importer(815301076,1909f56bfc062723c751e8b465ee728b)
Start importing Assets/POLYGON city pack/Prefabs/Props/Flower 1 prefab D.prefab using Guid(c1a6c832f3b6e494d80a048d5e7ff3e1) Importer(815301076,1909f56bfc062723c751e8b465ee728b)  -> (artifact id: 'c90098f1d366a5b1ec1cf96134862b3a') in 0.049664 seconds 
========================================================================
Received Import Request.
  Time since last request: 0.000027 seconds.
  path: Assets/POLYGON city pack/Prefabs/Props/Can_cola 1 prefab.prefab
  artifactKey: Guid(81d26dcff31f3ee45a7af58439d44b2e) Importer(815301076,1909f56bfc062723c751e8b465ee728b)
Start importing Assets/POLYGON city pack/Prefabs/Props/Can_cola 1 prefab.prefab using Guid(81d26dcff31f3ee45a7af58439d44b2e) Importer(815301076,1909f56bfc062723c751e8b465ee728b)  -> (artifact id: '31ee467ca62ee360d296baa7f5841a21') in 0.033628 seconds 
========================================================================
Received Import Request.
  Time since last request: 0.000044 seconds.
  path: Assets/POLYGON city pack/Prefabs/Props/Fence_B_2 prefab.prefab
  artifactKey: Guid(c469c07c5b45c454db32065c2f59b36b) Importer(815301076,1909f56bfc062723c751e8b465ee728b)
Start importing Assets/POLYGON city pack/Prefabs/Props/Fence_B_2 prefab.prefab using Guid(c469c07c5b45c454db32065c2f59b36b) Importer(815301076,1909f56bfc062723c751e8b465ee728b)  -> (artifact id: '81f2148030d18b1202b37b49696e0b1c') in 0.191015 seconds 
========================================================================
Received Import Request.
  Time since last request: 0.000038 seconds.
  path: Assets/POLYGON city pack/Prefabs/Props/Grass_prefab.prefab
  artifactKey: Guid(e3ee9b4631379bf44b7e076739afa41e) Importer(815301076,1909f56bfc062723c751e8b465ee728b)
Start importing Assets/POLYGON city pack/Prefabs/Props/Grass_prefab.prefab using Guid(e3ee9b4631379bf44b7e076739afa41e) Importer(815301076,1909f56bfc062723c751e8b465ee728b)  -> (artifact id: '895bac8c427cfbfbeef47566c80e1aad') in 0.063278 seconds 
========================================================================
Received Import Request.
  Time since last request: 0.000068 seconds.
  path: Assets/POLYGON city pack/Prefabs/Props/air conditioner wall Prefab.prefab
  artifactKey: Guid(3efcc829b17627b42be7c2557c91a937) Importer(815301076,1909f56bfc062723c751e8b465ee728b)
Start importing Assets/POLYGON city pack/Prefabs/Props/air conditioner wall Prefab.prefab using Guid(3efcc829b17627b42be7c2557c91a937) Importer(815301076,1909f56bfc062723c751e8b465ee728b)  -> (artifact id: '0a76655140c2d58978d9c97afa3c4407') in 0.059089 seconds 
========================================================================
Received Import Request.
  Time since last request: 0.000032 seconds.
  path: Assets/POLYGON city pack/Prefabs/Props/Flower 1 prefab C.prefab
  artifactKey: Guid(f5b753a0f2ae4e3448b73f8f56e8c157) Importer(815301076,1909f56bfc062723c751e8b465ee728b)
Start importing Assets/POLYGON city pack/Prefabs/Props/Flower 1 prefab C.prefab using Guid(f5b753a0f2ae4e3448b73f8f56e8c157) Importer(815301076,1909f56bfc062723c751e8b465ee728b)  -> (artifact id: '350c576dcad1f80b4bdf05c3d7f979da') in 0.057258 seconds 
========================================================================
Received Import Request.
  Time since last request: 0.000126 seconds.
  path: Assets/POLYGON city pack/Prefabs/Props/Bench 2 prefab.prefab
  artifactKey: Guid(c954a7e383194f246b3502f6c815acb4) Importer(815301076,1909f56bfc062723c751e8b465ee728b)
Start importing Assets/POLYGON city pack/Prefabs/Props/Bench 2 prefab.prefab using Guid(c954a7e383194f246b3502f6c815acb4) Importer(815301076,1909f56bfc062723c751e8b465ee728b)  -> (artifact id: 'e23f4c9cd3881c0f328d795c2b977443') in 0.036994 seconds 
========================================================================
Received Import Request.
  Time since last request: 0.000023 seconds.
  path: Assets/POLYGON city pack/Prefabs/Props/Flower 1 prefab B.prefab
  artifactKey: Guid(e5a1a9b64f8e53f489e80aa11edd54b0) Importer(815301076,1909f56bfc062723c751e8b465ee728b)
Start importing Assets/POLYGON city pack/Prefabs/Props/Flower 1 prefab B.prefab using Guid(e5a1a9b64f8e53f489e80aa11edd54b0) Importer(815301076,1909f56bfc062723c751e8b465ee728b)  -> (artifact id: '59b2c3e2b35ac45a0ac0d9b851dce004') in 0.055487 seconds 
========================================================================
Received Import Request.
  Time since last request: 0.000039 seconds.
  path: Assets/POLYGON city pack/Prefabs/Props/ColaMachine prefab.prefab
  artifactKey: Guid(2bf7da734f1a8224fb14055902b5b343) Importer(815301076,1909f56bfc062723c751e8b465ee728b)
Start importing Assets/POLYGON city pack/Prefabs/Props/ColaMachine prefab.prefab using Guid(2bf7da734f1a8224fb14055902b5b343) Importer(815301076,1909f56bfc062723c751e8b465ee728b)  -> (artifact id: '4404055af56a615eae46e35a1504cea5') in 0.054298 seconds 
========================================================================
Received Import Request.
  Time since last request: 0.000051 seconds.
  path: Assets/POLYGON city pack/Prefabs/Props/burger prefab.prefab
  artifactKey: Guid(6a21df4da585e0946a2b991447fabcc6) Importer(815301076,1909f56bfc062723c751e8b465ee728b)
Start importing Assets/POLYGON city pack/Prefabs/Props/burger prefab.prefab using Guid(6a21df4da585e0946a2b991447fabcc6) Importer(815301076,1909f56bfc062723c751e8b465ee728b)  -> (artifact id: '314864210e6dbcfcb0daed5ae99f9377') in 0.044119 seconds 
========================================================================
Received Import Request.
  Time since last request: 0.000040 seconds.
  path: Assets/POLYGON city pack/Prefabs/Props/hedge_curve prefab.prefab
  artifactKey: Guid(f2a4c4a6f1e89a74a995f3108da5be04) Importer(815301076,1909f56bfc062723c751e8b465ee728b)
Start importing Assets/POLYGON city pack/Prefabs/Props/hedge_curve prefab.prefab using Guid(f2a4c4a6f1e89a74a995f3108da5be04) Importer(815301076,1909f56bfc062723c751e8b465ee728b)  -> (artifact id: 'd939bb1f292233104bc685b830f19868') in 0.042118 seconds 
========================================================================
Received Import Request.
  Time since last request: 0.000038 seconds.
  path: Assets/POLYGON city pack/Prefabs/Props/Can_cola 2 prefab.prefab
  artifactKey: Guid(95ad7e2cecb192d43a4a02f1b422beed) Importer(815301076,1909f56bfc062723c751e8b465ee728b)
Start importing Assets/POLYGON city pack/Prefabs/Props/Can_cola 2 prefab.prefab using Guid(95ad7e2cecb192d43a4a02f1b422beed) Importer(815301076,1909f56bfc062723c751e8b465ee728b)  -> (artifact id: '575cf2dd693554436f32add61ee871f3') in 0.039210 seconds 
========================================================================
Received Import Request.
  Time since last request: 0.000025 seconds.
  path: Assets/POLYGON city pack/Prefabs/Props/Flower 1 prefab F.prefab
  artifactKey: Guid(67086b7e1b4a07246aaebc44c363dcc3) Importer(815301076,1909f56bfc062723c751e8b465ee728b)
Start importing Assets/POLYGON city pack/Prefabs/Props/Flower 1 prefab F.prefab using Guid(67086b7e1b4a07246aaebc44c363dcc3) Importer(815301076,1909f56bfc062723c751e8b465ee728b)  -> (artifact id: '63ea4fda34db1954d21f54a1e87ef653') in 0.062172 seconds 
========================================================================
Received Import Request.
  Time since last request: 0.000198 seconds.
  path: Assets/POLYGON city pack/Prefabs/Props/Flower mass prefab.prefab
  artifactKey: Guid(3793ad411fa918d4685c2c4c1494c970) Importer(815301076,1909f56bfc062723c751e8b465ee728b)
Start importing Assets/POLYGON city pack/Prefabs/Props/Flower mass prefab.prefab using Guid(3793ad411fa918d4685c2c4c1494c970) Importer(815301076,1909f56bfc062723c751e8b465ee728b)  -> (artifact id: '6c1a4914d34140778be6a6b2449e528d') in 0.120680 seconds 
========================================================================
Received Import Request.
  Time since last request: 0.000073 seconds.
  path: Assets/POLYGON city pack/Prefabs/Props/drain 2 prefab.prefab
  artifactKey: Guid(cc198c66ba240c946b6f10f40c60795a) Importer(815301076,1909f56bfc062723c751e8b465ee728b)
Start importing Assets/POLYGON city pack/Prefabs/Props/drain 2 prefab.prefab using Guid(cc198c66ba240c946b6f10f40c60795a) Importer(815301076,1909f56bfc062723c751e8b465ee728b)  -> (artifact id: 'b6b2a06b1209cbc9b5f607770ad12872') in 0.055288 seconds 
========================================================================
Received Import Request.
  Time since last request: 0.000051 seconds.
  path: Assets/POLYGON city pack/Prefabs/Props/Bush 2 prefab.prefab
  artifactKey: Guid(6ebfc6898dc70814c86bb78d43e72a9c) Importer(815301076,1909f56bfc062723c751e8b465ee728b)
Start importing Assets/POLYGON city pack/Prefabs/Props/Bush 2 prefab.prefab using Guid(6ebfc6898dc70814c86bb78d43e72a9c) Importer(815301076,1909f56bfc062723c751e8b465ee728b)  -> (artifact id: 'e26f179c7d91cac15bcb6c64f0c760c5') in 0.041644 seconds 
========================================================================
Received Import Request.
  Time since last request: 0.000029 seconds.
  path: Assets/POLYGON city pack/Prefabs/Props/Ketchup prefab.prefab
  artifactKey: Guid(31f2ecfec20d54541ace8f82e1071325) Importer(815301076,1909f56bfc062723c751e8b465ee728b)
Start importing Assets/POLYGON city pack/Prefabs/Props/Ketchup prefab.prefab using Guid(31f2ecfec20d54541ace8f82e1071325) Importer(815301076,1909f56bfc062723c751e8b465ee728b)  -> (artifact id: '9bc01068817657355e506a183f845aa2') in 0.039148 seconds 
========================================================================
Received Import Request.
  Time since last request: 0.000043 seconds.
  path: Assets/POLYGON city pack/Prefabs/Props/Hotdog prefab.prefab
  artifactKey: Guid(57a987e39cc3143448c053e7a5925600) Importer(815301076,1909f56bfc062723c751e8b465ee728b)
Start importing Assets/POLYGON city pack/Prefabs/Props/Hotdog prefab.prefab using Guid(57a987e39cc3143448c053e7a5925600) Importer(815301076,1909f56bfc062723c751e8b465ee728b)  -> (artifact id: '97a959104f1b340700956a6935145666') in 0.039987 seconds 
========================================================================
Received Import Request.
  Time since last request: 0.000026 seconds.
  path: Assets/POLYGON city pack/Prefabs/Props/Mail_box prefab.prefab
  artifactKey: Guid(3f3f0ad0013c05f478f38f3920e05817) Importer(815301076,1909f56bfc062723c751e8b465ee728b)
Start importing Assets/POLYGON city pack/Prefabs/Props/Mail_box prefab.prefab using Guid(3f3f0ad0013c05f478f38f3920e05817) Importer(815301076,1909f56bfc062723c751e8b465ee728b)  -> (artifact id: '434f908567e705ab2000c0cafbd341d0') in 0.062810 seconds 
========================================================================
Received Import Request.
  Time since last request: 0.000051 seconds.
  path: Assets/POLYGON city pack/Prefabs/Props/Flower 1 prefab A.prefab
  artifactKey: Guid(721f9aeb18a56f644828aa93a686bcd3) Importer(815301076,1909f56bfc062723c751e8b465ee728b)
Start importing Assets/POLYGON city pack/Prefabs/Props/Flower 1 prefab A.prefab using Guid(721f9aeb18a56f644828aa93a686bcd3) Importer(815301076,1909f56bfc062723c751e8b465ee728b)  -> (artifact id: '2ccc522a754c81ca66a30444238fae55') in 0.041612 seconds 
========================================================================
Received Import Request.
  Time since last request: 0.000029 seconds.
  path: Assets/POLYGON city pack/Prefabs/Props/drain 1 prefab.prefab
  artifactKey: Guid(0222be6389069a24db934273f2a9f031) Importer(815301076,1909f56bfc062723c751e8b465ee728b)
Start importing Assets/POLYGON city pack/Prefabs/Props/drain 1 prefab.prefab using Guid(0222be6389069a24db934273f2a9f031) Importer(815301076,1909f56bfc062723c751e8b465ee728b)  -> (artifact id: '1836326e0d4014b637d2273dd7ab93e0') in 0.048106 seconds 
========================================================================
Received Import Request.
  Time since last request: 0.000068 seconds.
  path: Assets/POLYGON city pack/Prefabs/Props/mayonnaise prefab.prefab
  artifactKey: Guid(25b21e881a014da46bf94e610b2777b1) Importer(815301076,1909f56bfc062723c751e8b465ee728b)
Start importing Assets/POLYGON city pack/Prefabs/Props/mayonnaise prefab.prefab using Guid(25b21e881a014da46bf94e610b2777b1) Importer(815301076,1909f56bfc062723c751e8b465ee728b)  -> (artifact id: '361c56cc406067f3051647033dffb951') in 0.031702 seconds 
========================================================================
Received Import Request.
  Time since last request: 0.000036 seconds.
  path: Assets/POLYGON city pack/Prefabs/Props/Parking_barrier prefab.prefab
  artifactKey: Guid(a560b249e984af144b222ea1d93fe697) Importer(815301076,1909f56bfc062723c751e8b465ee728b)
Start importing Assets/POLYGON city pack/Prefabs/Props/Parking_barrier prefab.prefab using Guid(a560b249e984af144b222ea1d93fe697) Importer(815301076,1909f56bfc062723c751e8b465ee728b)  -> (artifact id: 'fe208ef40706e03dcf77a150b031e42c') in 0.040864 seconds 
========================================================================
Received Import Request.
  Time since last request: 0.000036 seconds.
  path: Assets/POLYGON city pack/Prefabs/Props/platt sign 3 prefab.prefab
  artifactKey: Guid(99bdf8c075f79ec499c340f68f8d6ca2) Importer(815301076,1909f56bfc062723c751e8b465ee728b)
Start importing Assets/POLYGON city pack/Prefabs/Props/platt sign 3 prefab.prefab using Guid(99bdf8c075f79ec499c340f68f8d6ca2) Importer(815301076,1909f56bfc062723c751e8b465ee728b)  -> (artifact id: 'b99f62f5cbe1271f94dad70f99249cb9') in 0.035801 seconds 
========================================================================
Received Import Request.
  Time since last request: 0.000055 seconds.
  path: Assets/POLYGON city pack/Prefabs/Props/platt sign 1 prefab.prefab
  artifactKey: Guid(d646b8ef31f0dac4aac6c8c3c1be41ef) Importer(815301076,1909f56bfc062723c751e8b465ee728b)
Start importing Assets/POLYGON city pack/Prefabs/Props/platt sign 1 prefab.prefab using Guid(d646b8ef31f0dac4aac6c8c3c1be41ef) Importer(815301076,1909f56bfc062723c751e8b465ee728b)  -> (artifact id: '859b5e360d2b80571126d22171046b11') in 0.043386 seconds 
========================================================================
Received Import Request.
  Time since last request: 0.000037 seconds.
  path: Assets/POLYGON city pack/Prefabs/Props/platt sign 2 prefab.prefab
  artifactKey: Guid(63708caac38471a45b6ba845efc890e8) Importer(815301076,1909f56bfc062723c751e8b465ee728b)
Start importing Assets/POLYGON city pack/Prefabs/Props/platt sign 2 prefab.prefab using Guid(63708caac38471a45b6ba845efc890e8) Importer(815301076,1909f56bfc062723c751e8b465ee728b)  -> (artifact id: '67f7bfea70a253cde4b64b13ba2d8d84') in 0.035921 seconds 
========================================================================
Received Import Request.
  Time since last request: 0.000033 seconds.
  path: Assets/POLYGON city pack/Prefabs/Props/platt sign 5 prefab.prefab
  artifactKey: Guid(b16f11b0d09550241914b5bb604da520) Importer(815301076,1909f56bfc062723c751e8b465ee728b)
Start importing Assets/POLYGON city pack/Prefabs/Props/platt sign 5 prefab.prefab using Guid(b16f11b0d09550241914b5bb604da520) Importer(815301076,1909f56bfc062723c751e8b465ee728b)  -> (artifact id: '7cd7f50f2d94e9a2150a383f2e618f24') in 0.045278 seconds 
========================================================================
Received Import Request.
  Time since last request: 0.000055 seconds.
  path: Assets/POLYGON city pack/Prefabs/Props/phone booth prefab.prefab
  artifactKey: Guid(b995d8a7dcf811740b66ae5cf81e4fa6) Importer(815301076,1909f56bfc062723c751e8b465ee728b)
Start importing Assets/POLYGON city pack/Prefabs/Props/phone booth prefab.prefab using Guid(b995d8a7dcf811740b66ae5cf81e4fa6) Importer(815301076,1909f56bfc062723c751e8b465ee728b)  -> (artifact id: '51875a8f8eb55aac49cb45cad298df10') in 0.041609 seconds 
========================================================================
Received Import Request.
  Time since last request: 5.749632 seconds.
  path: Assets/POLYGON city pack/Prefabs/Props/Power_poles prefab.prefab
  artifactKey: Guid(ad77b71bebe086d48ab3d1cd35b2746b) Importer(815301076,1909f56bfc062723c751e8b465ee728b)
Start importing Assets/POLYGON city pack/Prefabs/Props/Power_poles prefab.prefab using Guid(ad77b71bebe086d48ab3d1cd35b2746b) Importer(815301076,1909f56bfc062723c751e8b465ee728b)  -> (artifact id: '74d28badbbbcb51de15297336c441ce5') in 0.048714 seconds 
========================================================================
Received Import Request.
  Time since last request: 0.000066 seconds.
  path: Assets/POLYGON city pack/Prefabs/Props/Wall 1 prefab.prefab
  artifactKey: Guid(effb1b31d7e11a54e9b051312c1a2ee4) Importer(815301076,1909f56bfc062723c751e8b465ee728b)
Start importing Assets/POLYGON city pack/Prefabs/Props/Wall 1 prefab.prefab using Guid(effb1b31d7e11a54e9b051312c1a2ee4) Importer(815301076,1909f56bfc062723c751e8b465ee728b)  -> (artifact id: 'cfabed4f2c8687a352ec7ea1c59c05e2') in 0.036800 seconds 
========================================================================
Received Import Request.
  Time since last request: 0.000040 seconds.
  path: Assets/POLYGON city pack/Prefabs/Props/Traffic light 1 Prefab.prefab
  artifactKey: Guid(53a178f42f52a0c4e9fe7bac7f1bfcc3) Importer(815301076,1909f56bfc062723c751e8b465ee728b)
Start importing Assets/POLYGON city pack/Prefabs/Props/Traffic light 1 Prefab.prefab using Guid(53a178f42f52a0c4e9fe7bac7f1bfcc3) Importer(815301076,1909f56bfc062723c751e8b465ee728b)  -> (artifact id: '3d2114748fc1de3e72faf44b6b80a9c4') in 0.048023 seconds 
========================================================================
Received Import Request.
  Time since last request: 0.000040 seconds.
  path: Assets/POLYGON city pack/Prefabs/Props/trashcan prefab.prefab
  artifactKey: Guid(8983c8df5fb12ea4bb76cdf0ef2f9c1b) Importer(815301076,1909f56bfc062723c751e8b465ee728b)
Start importing Assets/POLYGON city pack/Prefabs/Props/trashcan prefab.prefab using Guid(8983c8df5fb12ea4bb76cdf0ef2f9c1b) Importer(815301076,1909f56bfc062723c751e8b465ee728b)  -> (artifact id: '859f0c072e4840e394fd8140c415ff8c') in 0.053290 seconds 
========================================================================
Received Import Request.
  Time since last request: 0.000063 seconds.
  path: Assets/POLYGON city pack/Prefabs/Props/traffic_obj prefab.prefab
  artifactKey: Guid(b0c71b64a7dfbd74cb2f2acf7a3637a3) Importer(815301076,1909f56bfc062723c751e8b465ee728b)
Start importing Assets/POLYGON city pack/Prefabs/Props/traffic_obj prefab.prefab using Guid(b0c71b64a7dfbd74cb2f2acf7a3637a3) Importer(815301076,1909f56bfc062723c751e8b465ee728b)  -> (artifact id: '2db7135fccafea10f4491dd5ddfb4aa3') in 0.066201 seconds 
========================================================================
Received Import Request.
  Time since last request: 0.000048 seconds.
  path: Assets/POLYGON city pack/Prefabs/Props/streetprop prefab.prefab
  artifactKey: Guid(b9241325cf17fc546b1db887ded397d9) Importer(815301076,1909f56bfc062723c751e8b465ee728b)
Start importing Assets/POLYGON city pack/Prefabs/Props/streetprop prefab.prefab using Guid(b9241325cf17fc546b1db887ded397d9) Importer(815301076,1909f56bfc062723c751e8b465ee728b)  -> (artifact id: '9fd30adaf746c95a2024429dfd0cb108') in 0.040867 seconds 
========================================================================
Received Import Request.
  Time since last request: 0.000026 seconds.
  path: Assets/POLYGON city pack/Prefabs/Props/televserion antenna prefab.prefab
  artifactKey: Guid(672edbc300fa6bd439cf13ff7878bdea) Importer(815301076,1909f56bfc062723c751e8b465ee728b)
Start importing Assets/POLYGON city pack/Prefabs/Props/televserion antenna prefab.prefab using Guid(672edbc300fa6bd439cf13ff7878bdea) Importer(815301076,1909f56bfc062723c751e8b465ee728b)  -> (artifact id: '77bc7ab33ee8c1285aa2db5423116bce') in 0.065453 seconds 
========================================================================
Received Import Request.
  Time since last request: 0.000036 seconds.
  path: Assets/POLYGON city pack/Prefabs/Props/Wall 2 prefab.prefab
  artifactKey: Guid(9256d77e61c437a4a9afb333ff47af4d) Importer(815301076,1909f56bfc062723c751e8b465ee728b)
Start importing Assets/POLYGON city pack/Prefabs/Props/Wall 2 prefab.prefab using Guid(9256d77e61c437a4a9afb333ff47af4d) Importer(815301076,1909f56bfc062723c751e8b465ee728b)  -> (artifact id: '3c40a2b3d56cba9abb898e0cfd025dc0') in 0.044397 seconds 
========================================================================
Received Import Request.
  Time since last request: 0.000059 seconds.
  path: Assets/POLYGON city pack/Prefabs/Props/Traffic light 4 Prefab.prefab
  artifactKey: Guid(334aad2b5d3ce18449f0aac7e90fe56e) Importer(815301076,1909f56bfc062723c751e8b465ee728b)
Start importing Assets/POLYGON city pack/Prefabs/Props/Traffic light 4 Prefab.prefab using Guid(334aad2b5d3ce18449f0aac7e90fe56e) Importer(815301076,1909f56bfc062723c751e8b465ee728b)  -> (artifact id: 'c9f1dc2865075fec18dce66c39ca7097') in 0.048929 seconds 
========================================================================
Received Import Request.
  Time since last request: 0.000062 seconds.
  path: Assets/POLYGON city pack/Prefabs/Props/trashcan prefab 1.prefab
  artifactKey: Guid(ef0db6475b65e3f4caf48f2481a05f13) Importer(815301076,1909f56bfc062723c751e8b465ee728b)
Start importing Assets/POLYGON city pack/Prefabs/Props/trashcan prefab 1.prefab using Guid(ef0db6475b65e3f4caf48f2481a05f13) Importer(815301076,1909f56bfc062723c751e8b465ee728b)  -> (artifact id: '8930e4e74b2d3739aa80a0d8260a1161') in 0.045033 seconds 
========================================================================
Received Import Request.
  Time since last request: 0.000033 seconds.
  path: Assets/POLYGON city pack/Prefabs/Props/Tree prefab.prefab
  artifactKey: Guid(1be61187b5d765449be824463642cb0f) Importer(815301076,1909f56bfc062723c751e8b465ee728b)
Start importing Assets/POLYGON city pack/Prefabs/Props/Tree prefab.prefab using Guid(1be61187b5d765449be824463642cb0f) Importer(815301076,1909f56bfc062723c751e8b465ee728b)  -> (artifact id: 'ecfc2e7af7d74464c865a2f3a9155be9') in 0.055238 seconds 
========================================================================
Received Import Request.
  Time since last request: 0.000044 seconds.
  path: Assets/POLYGON city pack/Prefabs/Props/wood pot prefab.prefab
  artifactKey: Guid(9d4eff3ec34236147b12cbbb7b994959) Importer(815301076,1909f56bfc062723c751e8b465ee728b)
Start importing Assets/POLYGON city pack/Prefabs/Props/wood pot prefab.prefab using Guid(9d4eff3ec34236147b12cbbb7b994959) Importer(815301076,1909f56bfc062723c751e8b465ee728b)  -> (artifact id: '5750e8e613958120480d866d84eb9bda') in 0.073999 seconds 
========================================================================
Received Import Request.
  Time since last request: 0.000063 seconds.
  path: Assets/POLYGON city pack/Prefabs/Props/Water tank prefab.prefab
  artifactKey: Guid(12ba3d1ec135f1b4e9caddc7e211dd72) Importer(815301076,1909f56bfc062723c751e8b465ee728b)
Start importing Assets/POLYGON city pack/Prefabs/Props/Water tank prefab.prefab using Guid(12ba3d1ec135f1b4e9caddc7e211dd72) Importer(815301076,1909f56bfc062723c751e8b465ee728b)  -> (artifact id: '84ef348a51a67beca939525427c4e48f') in 0.056837 seconds 
