Using pre-set license
Built from '2021.3/staging' branch; Version is '2021.3.21f1 (1b156197d683) revision 1774945'; Using compiler version '192829333'; Build Type 'Release'
OS: 'Windows 10  (10.0.19043) 64bit Core' Language: 'es' Physical Memory: 8076 MB
BatchMode: 1, IsHumanControllingUs: 0, StartBugReporterOnCrash: 0, Is64bit: 1, IsPro: 1

COMMAND LINE ARGUMENTS:
C:\Program Files\Unity\Hub\Editor\2021.3.21f1\Editor\Unity.exe
-adb2
-batchMode
-noUpm
-name
AssetImportWorker0
-projectPath
C:/Users/usuario/Documents/GitHub/CarritoHamburguesas/CarritoHamburguesas
-logFile
Logs/AssetImportWorker0.log
-srvPort
62937
Successfully changed project path to: C:/Users/usuario/Documents/GitHub/CarritoHamburguesas/CarritoHamburguesas
C:/Users/usuario/Documents/GitHub/CarritoHamburguesas/CarritoHamburguesas
[UnityMemory] Configuration Parameters - Can be set up in boot.config
    "memorysetup-bucket-allocator-granularity=16"
    "memorysetup-bucket-allocator-bucket-count=8"
    "memorysetup-bucket-allocator-block-size=33554432"
    "memorysetup-bucket-allocator-block-count=8"
    "memorysetup-main-allocator-block-size=16777216"
    "memorysetup-thread-allocator-block-size=16777216"
    "memorysetup-gfx-main-allocator-block-size=16777216"
    "memorysetup-gfx-thread-allocator-block-size=16777216"
    "memorysetup-cache-allocator-block-size=4194304"
    "memorysetup-typetree-allocator-block-size=2097152"
    "memorysetup-profiler-bucket-allocator-granularity=16"
    "memorysetup-profiler-bucket-allocator-bucket-count=8"
    "memorysetup-profiler-bucket-allocator-block-size=33554432"
    "memorysetup-profiler-bucket-allocator-block-count=8"
    "memorysetup-profiler-allocator-block-size=16777216"
    "memorysetup-profiler-editor-allocator-block-size=1048576"
    "memorysetup-temp-allocator-size-main=16777216"
    "memorysetup-job-temp-allocator-block-size=2097152"
    "memorysetup-job-temp-allocator-block-size-background=1048576"
    "memorysetup-job-temp-allocator-reduction-small-platforms=262144"
    "memorysetup-temp-allocator-size-background-worker=32768"
    "memorysetup-temp-allocator-size-job-worker=262144"
    "memorysetup-temp-allocator-size-preload-manager=33554432"
    "memorysetup-temp-allocator-size-nav-mesh-worker=65536"
    "memorysetup-temp-allocator-size-audio-worker=65536"
    "memorysetup-temp-allocator-size-cloud-worker=32768"
    "memorysetup-temp-allocator-size-gi-baking-worker=262144"
    "memorysetup-temp-allocator-size-gfx=262144"
Player connection [12352] Host "[IP] 192.168.1.3 [Port] 0 [Flags] 2 [Guid] 2774622650 [EditorId] 2774622650 [Version] 1048832 [Id] WindowsEditor(7,DESKTOP-29UQJCJ) [Debug] 1 [PackageName] WindowsEditor [ProjectName] Editor" joined multi-casting on [225.0.0.222:54997]...

Player connection [12352] Host "[IP] 192.168.1.3 [Port] 0 [Flags] 2 [Guid] 2774622650 [EditorId] 2774622650 [Version] 1048832 [Id] WindowsEditor(7,DESKTOP-29UQJCJ) [Debug] 1 [PackageName] WindowsEditor [ProjectName] Editor" joined alternative multi-casting on [225.0.0.222:34997]...

Refreshing native plugins compatible for Editor in 226.39 ms, found 8 plugins.
Preloading 1 native plugins for Editor in 1.67 ms.
Initialize engine version: 2021.3.21f1 (1b156197d683)
[Subsystems] Discovering subsystems at path C:/Program Files/Unity/Hub/Editor/2021.3.21f1/Editor/Data/Resources/UnitySubsystems
[Subsystems] Discovering subsystems at path C:/Users/usuario/Documents/GitHub/CarritoHamburguesas/CarritoHamburguesas/Assets
GfxDevice: creating device client; threaded=0; jobified=0
Direct3D:
    Version:  Direct3D 11.0 [level 11.1]
    Renderer: NVIDIA GeForce GTX 1050 (ID=0x1c8d)
    Vendor:   NVIDIA
    VRAM:     1978 MB
    Driver:   31.0.15.2698
Shader 'Oculus/OVRMRCameraFrameLit': fallback shader 'Alpha-Diffuse' not found
Initialize mono
Mono path[0] = 'C:/Program Files/Unity/Hub/Editor/2021.3.21f1/Editor/Data/Managed'
Mono path[1] = 'C:/Program Files/Unity/Hub/Editor/2021.3.21f1/Editor/Data/MonoBleedingEdge/lib/mono/unityjit-win32'
Mono config path = 'C:/Program Files/Unity/Hub/Editor/2021.3.21f1/Editor/Data/MonoBleedingEdge/etc'
Using monoOptions --debugger-agent=transport=dt_socket,embedding=1,server=y,suspend=n,address=127.0.0.1:56836
Begin MonoManager ReloadAssembly
Registering precompiled unity dll's ...
Register platform support module: C:/Program Files/Unity/Hub/Editor/2021.3.21f1/Editor/Data/PlaybackEngines/WindowsStandaloneSupport/UnityEditor.WindowsStandalone.Extensions.dll
Registered in 0.014096 seconds.
Native extension for WindowsStandalone target not found
Refreshing native plugins compatible for Editor in 176.68 ms, found 8 plugins.
Preloading 1 native plugins for Editor in 0.08 ms.
Mono: successfully reloaded assembly
- Completed reload, in  1.098 seconds
Domain Reload Profiling:
	ReloadAssembly (1099ms)
		BeginReloadAssembly (266ms)
			ExecutionOrderSort (0ms)
			DisableScriptedObjects (0ms)
			BackupInstance (0ms)
			ReleaseScriptingObjects (0ms)
			CreateAndSetChildDomain (2ms)
		EndReloadAssembly (685ms)
			LoadAssemblies (261ms)
			RebuildTransferFunctionScriptingTraits (0ms)
			SetupTypeCache (152ms)
			ReleaseScriptCaches (0ms)
			RebuildScriptCaches (43ms)
			SetupLoadedEditorAssemblies (412ms)
				LogAssemblyErrors (0ms)
				InitializePlatformSupportModulesInManaged (11ms)
				SetLoadedEditorAssemblies (0ms)
				RefreshPlugins (177ms)
				BeforeProcessingInitializeOnLoad (1ms)
				ProcessInitializeOnLoadAttributes (159ms)
				ProcessInitializeOnLoadMethodAttributes (63ms)
				AfterProcessingInitializeOnLoad (0ms)
				EditorAssembliesLoaded (0ms)
			ExecutionOrderSort2 (0ms)
			AwakeInstancesAfterBackupRestoration (0ms)
Platform modules already initialized, skipping
Registering precompiled user dll's ...
Registered in 0.014309 seconds.
Begin MonoManager ReloadAssembly
Symbol file LoadedFromMemory doesn't match image C:\Users\usuario\Documents\GitHub\CarritoHamburguesas\CarritoHamburguesas\Library\PackageCache\com.unity.visualscripting@1.8.0\Editor\VisualScripting.Core\Dependencies\DotNetZip\Unity.VisualScripting.IonicZip.dll
Symbol file LoadedFromMemory doesn't match image C:\Users\usuario\Documents\GitHub\CarritoHamburguesas\CarritoHamburguesas\Library\PackageCache\com.unity.visualscripting@1.8.0\Editor\VisualScripting.Core\Dependencies\YamlDotNet\Unity.VisualScripting.YamlDotNet.dll
Native extension for WindowsStandalone target not found
Refreshing native plugins compatible for Editor in 2.52 ms, found 8 plugins.
Preloading 1 native plugins for Editor in 0.12 ms.
Package Manager log level set to [2]
[XR] OculusXRPlugin: registering subsystems
[XR] Unable to register display lifecyle provider: [1]
[XR] Oculus Input lifecycle provider registered.
[XR] Unable to register input lifecyle provider: [1]
[XR] OVRP version 1.85.0
Mono: successfully reloaded assembly
- Completed reload, in  2.361 seconds
Domain Reload Profiling:
	ReloadAssembly (2363ms)
		BeginReloadAssembly (207ms)
			ExecutionOrderSort (0ms)
			DisableScriptedObjects (7ms)
			BackupInstance (0ms)
			ReleaseScriptingObjects (0ms)
			CreateAndSetChildDomain (35ms)
		EndReloadAssembly (1969ms)
			LoadAssemblies (379ms)
			RebuildTransferFunctionScriptingTraits (0ms)
			SetupTypeCache (484ms)
			ReleaseScriptCaches (1ms)
			RebuildScriptCaches (170ms)
			SetupLoadedEditorAssemblies (902ms)
				LogAssemblyErrors (0ms)
				InitializePlatformSupportModulesInManaged (12ms)
				SetLoadedEditorAssemblies (1ms)
				RefreshPlugins (3ms)
				BeforeProcessingInitializeOnLoad (153ms)
				ProcessInitializeOnLoadAttributes (685ms)
				ProcessInitializeOnLoadMethodAttributes (37ms)
				AfterProcessingInitializeOnLoad (12ms)
				EditorAssembliesLoaded (0ms)
			ExecutionOrderSort2 (0ms)
			AwakeInstancesAfterBackupRestoration (10ms)
Platform modules already initialized, skipping
========================================================================
Worker process is ready to serve import requests
Shader 'Oculus/OVRMRCameraFrameLit': fallback shader 'Alpha-Diffuse' not found
Launched and connected shader compiler UnityShaderCompiler.exe after 0.10 seconds
Refreshing native plugins compatible for Editor in 1.95 ms, found 8 plugins.
Preloading 1 native plugins for Editor in 0.13 ms.
Unloading 4803 Unused Serialized files (Serialized files now loaded: 0)
Unloading 54 unused Assets / (193.8 KB). Loaded Objects now: 5244.
Memory consumption went from 177.1 MB to 176.9 MB.
Total: 5.998400 ms (FindLiveObjects: 1.019400 ms CreateObjectMapping: 0.522200 ms MarkObjects: 4.183000 ms  DeleteObjects: 0.272100 ms)

AssetImportParameters requested are different than current active one (requested -> active):
  custom:video-decoder-ogg-theora: a1e56fd34408186e4bbccfd4996cb3dc -> 
  custom:container-muxer-webm: aa71ff27fc2769a1b78a27578f13a17b -> 
  custom:container-demuxer-webm: 4f35f7cbe854078d1ac9338744f61a02 -> 
  custom:video-encoder-webm-vp8: eb34c28f22e8b96e1ab97ce403110664 -> 
  custom:audio-encoder-webm-vorbis: bf7c407c2cedff20999df2af8eb42d56 -> 
  custom:framework-win-MediaFoundation: 216162199b28c13a410421893ffa2e32 -> 
  custom:container-demuxer-ogg: 62fdf1f143b41e24485cea50d1cbac27 -> 
  custom:video-decoder-webm-vp8: 9c59270c3fd7afecdb556c50c9e8de78 -> 
  custom:audio-decoder-ogg-vorbis: bf7c407c2cedff20999df2af8eb42d56 -> 
========================================================================
Received Import Request.
  Time since last request: 43361.427061 seconds.
  path: Assets/Oculus/Interaction/Samples/Audio/Content/Interaction_BasicGestures_SwipeForward_01.wav
  artifactKey: Guid(152aafa4bc75a894f80f0da543555c4b) Importer(815301076,1909f56bfc062723c751e8b465ee728b)
Start importing Assets/Oculus/Interaction/Samples/Audio/Content/Interaction_BasicGestures_SwipeForward_01.wav using Guid(152aafa4bc75a894f80f0da543555c4b) Importer(815301076,1909f56bfc062723c751e8b465ee728b)  -> (artifact id: '492b045cc5ed2a7a43c3e7f4d25813e0') in 0.410306 seconds 
========================================================================
Received Import Request.
  Time since last request: 0.000051 seconds.
  path: Assets/Oculus/Interaction/Samples/Audio/Content/Interaction_BasicGrab_Grab_05.wav
  artifactKey: Guid(5e44ad0f498709b458e0b33478e5c161) Importer(815301076,1909f56bfc062723c751e8b465ee728b)
Start importing Assets/Oculus/Interaction/Samples/Audio/Content/Interaction_BasicGrab_Grab_05.wav using Guid(5e44ad0f498709b458e0b33478e5c161) Importer(815301076,1909f56bfc062723c751e8b465ee728b)  -> (artifact id: 'cdba0acdc6ef541482de228d7cb8e05c') in 0.033044 seconds 
========================================================================
Received Import Request.
  Time since last request: 28.530413 seconds.
  path: Assets/Resources/ONSPSettings.asset
  artifactKey: Guid(c8db178039a873948baa551702ff76cc) Importer(815301076,1909f56bfc062723c751e8b465ee728b)
Start importing Assets/Resources/ONSPSettings.asset using Guid(c8db178039a873948baa551702ff76cc) Importer(815301076,1909f56bfc062723c751e8b465ee728b)  -> (artifact id: '988febca5883e6e546f9c39aaf1ce8e7') in 0.034551 seconds 
========================================================================
Received Import Request.
  Time since last request: 51.066588 seconds.
  path: Assets/POLYGON city pack/Prefabs/Buildings/Build_G-Left_Prefab.prefab
  artifactKey: Guid(445da40af79ed8241871555db3d63e27) Importer(815301076,1909f56bfc062723c751e8b465ee728b)
Start importing Assets/POLYGON city pack/Prefabs/Buildings/Build_G-Left_Prefab.prefab using Guid(445da40af79ed8241871555db3d63e27) Importer(815301076,1909f56bfc062723c751e8b465ee728b)  -> (artifact id: 'efc53baf49808854f591bf29b1431e4a') in 0.117424 seconds 
========================================================================
Received Import Request.
  Time since last request: 0.000029 seconds.
  path: Assets/POLYGON city pack/Prefabs/Buildings/Building_D1_prefab.prefab
  artifactKey: Guid(f9526b7c12770f14aa830082aa6d9b45) Importer(815301076,1909f56bfc062723c751e8b465ee728b)
Start importing Assets/POLYGON city pack/Prefabs/Buildings/Building_D1_prefab.prefab using Guid(f9526b7c12770f14aa830082aa6d9b45) Importer(815301076,1909f56bfc062723c751e8b465ee728b)  -> (artifact id: 'ff746baff211dda535f1cf9529b3944b') in 0.265543 seconds 
========================================================================
Received Import Request.
  Time since last request: 0.000039 seconds.
  path: Assets/POLYGON city pack/Prefabs/Buildings/Building_F_prefab.prefab
  artifactKey: Guid(406aca78ed1cb18449485b10b9cffa85) Importer(815301076,1909f56bfc062723c751e8b465ee728b)
Start importing Assets/POLYGON city pack/Prefabs/Buildings/Building_F_prefab.prefab using Guid(406aca78ed1cb18449485b10b9cffa85) Importer(815301076,1909f56bfc062723c751e8b465ee728b)  -> (artifact id: '5b4734cff4dc0bc54d7485eb09c61abc') in 0.068187 seconds 
========================================================================
Received Import Request.
  Time since last request: 0.000042 seconds.
  path: Assets/POLYGON city pack/Prefabs/Buildings/Building_W_prefab.prefab
  artifactKey: Guid(daa1a100f65deb34787ae1bb55d44a76) Importer(815301076,1909f56bfc062723c751e8b465ee728b)
Start importing Assets/POLYGON city pack/Prefabs/Buildings/Building_W_prefab.prefab using Guid(daa1a100f65deb34787ae1bb55d44a76) Importer(815301076,1909f56bfc062723c751e8b465ee728b)  -> (artifact id: '373f725faa013e0c49a40a03131f153c') in 0.128518 seconds 
========================================================================
Received Import Request.
  Time since last request: 0.000032 seconds.
  path: Assets/POLYGON city pack/Prefabs/Buildings/Motel_prefab.prefab
  artifactKey: Guid(d9ae8f6b23fb5a54584fb5b5ada007dc) Importer(815301076,1909f56bfc062723c751e8b465ee728b)
Start importing Assets/POLYGON city pack/Prefabs/Buildings/Motel_prefab.prefab using Guid(d9ae8f6b23fb5a54584fb5b5ada007dc) Importer(815301076,1909f56bfc062723c751e8b465ee728b)  -> (artifact id: 'ef752eaac4571c87b04f5f879a1548b7') in 0.130108 seconds 
========================================================================
Received Import Request.
  Time since last request: 0.000049 seconds.
  path: Assets/POLYGON city pack/Prefabs/Buildings/Building_A1_prefab.prefab
  artifactKey: Guid(562df8355904213468a690c4ce6740b6) Importer(815301076,1909f56bfc062723c751e8b465ee728b)
Start importing Assets/POLYGON city pack/Prefabs/Buildings/Building_A1_prefab.prefab using Guid(562df8355904213468a690c4ce6740b6) Importer(815301076,1909f56bfc062723c751e8b465ee728b)  -> (artifact id: 'eb21007e09874556af870a2f6f736cc0') in 0.071413 seconds 
========================================================================
Received Import Request.
  Time since last request: 0.000043 seconds.
  path: Assets/POLYGON city pack/Prefabs/Buildings/Fire_department_prefab.prefab
  artifactKey: Guid(7eb437ce89e76c640809f70f15bde317) Importer(815301076,1909f56bfc062723c751e8b465ee728b)
Start importing Assets/POLYGON city pack/Prefabs/Buildings/Fire_department_prefab.prefab using Guid(7eb437ce89e76c640809f70f15bde317) Importer(815301076,1909f56bfc062723c751e8b465ee728b)  -> (artifact id: 'c0edd26ef2d8f092b39d1b1f45ae6f64') in 0.112951 seconds 
========================================================================
Received Import Request.
  Time since last request: 0.000227 seconds.
  path: Assets/POLYGON city pack/Prefabs/Buildings/Building_T_prefab.prefab
  artifactKey: Guid(90045d2ccf59b6f45afd8bab908bb038) Importer(815301076,1909f56bfc062723c751e8b465ee728b)
Start importing Assets/POLYGON city pack/Prefabs/Buildings/Building_T_prefab.prefab using Guid(90045d2ccf59b6f45afd8bab908bb038) Importer(815301076,1909f56bfc062723c751e8b465ee728b)  -> (artifact id: '9d66a99db0ac25e3bc613b4b3f4124f1') in 0.074557 seconds 
========================================================================
Received Import Request.
  Time since last request: 0.000058 seconds.
  path: Assets/POLYGON city pack/Prefabs/Buildings/Building_A_prefab.prefab
  artifactKey: Guid(ba33f5f0a254c9443956b40146028648) Importer(815301076,1909f56bfc062723c751e8b465ee728b)
Start importing Assets/POLYGON city pack/Prefabs/Buildings/Building_A_prefab.prefab using Guid(ba33f5f0a254c9443956b40146028648) Importer(815301076,1909f56bfc062723c751e8b465ee728b)  -> (artifact id: '1d2b64a66e1d4d090ce3d7c798dcdb77') in 0.094689 seconds 
========================================================================
Received Import Request.
  Time since last request: 0.000063 seconds.
  path: Assets/POLYGON city pack/Prefabs/Buildings/Shop_C_prefab.prefab
  artifactKey: Guid(1b917d070ca78d8458d7db3681a2c913) Importer(815301076,1909f56bfc062723c751e8b465ee728b)
Start importing Assets/POLYGON city pack/Prefabs/Buildings/Shop_C_prefab.prefab using Guid(1b917d070ca78d8458d7db3681a2c913) Importer(815301076,1909f56bfc062723c751e8b465ee728b)  -> (artifact id: 'e539fb01bfa97ba260c5dfe4a7af2c24') in 0.219598 seconds 
========================================================================
Received Import Request.
  Time since last request: 0.000050 seconds.
  path: Assets/POLYGON city pack/Prefabs/Buildings/Hospital_prefab.prefab
  artifactKey: Guid(03f4debef6f82ef43b174ff67987c532) Importer(815301076,1909f56bfc062723c751e8b465ee728b)
Start importing Assets/POLYGON city pack/Prefabs/Buildings/Hospital_prefab.prefab using Guid(03f4debef6f82ef43b174ff67987c532) Importer(815301076,1909f56bfc062723c751e8b465ee728b)  -> (artifact id: 'cdda23320e07dbf3be8b9895ee31f76c') in 0.161636 seconds 
========================================================================
Received Import Request.
  Time since last request: 0.000162 seconds.
  path: Assets/POLYGON city pack/Prefabs/Buildings/Building_C1_prefab.prefab
  artifactKey: Guid(1fbdccb55fd15bc4f92646bd818aca51) Importer(815301076,1909f56bfc062723c751e8b465ee728b)
Start importing Assets/POLYGON city pack/Prefabs/Buildings/Building_C1_prefab.prefab using Guid(1fbdccb55fd15bc4f92646bd818aca51) Importer(815301076,1909f56bfc062723c751e8b465ee728b)  -> (artifact id: '754a47962704c07de9ee79a772e7a34d') in 0.122133 seconds 
========================================================================
Received Import Request.
  Time since last request: 0.000050 seconds.
  path: Assets/POLYGON city pack/Prefabs/Buildings/Building_S_prefab.prefab
  artifactKey: Guid(c637a821140f92a4dbb62e352cf8f140) Importer(815301076,1909f56bfc062723c751e8b465ee728b)
Start importing Assets/POLYGON city pack/Prefabs/Buildings/Building_S_prefab.prefab using Guid(c637a821140f92a4dbb62e352cf8f140) Importer(815301076,1909f56bfc062723c751e8b465ee728b)  -> (artifact id: 'a0aeb5e61dfe4d975eedaf7d6b1cca2c') in 0.078966 seconds 
========================================================================
Received Import Request.
  Time since last request: 0.000069 seconds.
  path: Assets/POLYGON city pack/Prefabs/Buildings/Build_G-right_Prefab.prefab
  artifactKey: Guid(19427fc607e7e5645a1f1fe831d3add4) Importer(815301076,1909f56bfc062723c751e8b465ee728b)
Start importing Assets/POLYGON city pack/Prefabs/Buildings/Build_G-right_Prefab.prefab using Guid(19427fc607e7e5645a1f1fe831d3add4) Importer(815301076,1909f56bfc062723c751e8b465ee728b)  -> (artifact id: 'd972ea91141ff5aca8f88bd2f56e9a92') in 0.082701 seconds 
========================================================================
Received Import Request.
  Time since last request: 0.000053 seconds.
  path: Assets/POLYGON city pack/Prefabs/Buildings/Building_V_prefab.prefab
  artifactKey: Guid(95aaceaac899f9a47aea3a9744ce9c20) Importer(815301076,1909f56bfc062723c751e8b465ee728b)
Start importing Assets/POLYGON city pack/Prefabs/Buildings/Building_V_prefab.prefab using Guid(95aaceaac899f9a47aea3a9744ce9c20) Importer(815301076,1909f56bfc062723c751e8b465ee728b)  -> (artifact id: '70009efdfdcddc0e8cc04a8e46e8b3d3') in 0.086574 seconds 
========================================================================
Received Import Request.
  Time since last request: 0.000045 seconds.
  path: Assets/POLYGON city pack/Prefabs/Buildings/Building_D_prefab.prefab
  artifactKey: Guid(7df26aa64e4b3fc48933a809e1a48078) Importer(815301076,1909f56bfc062723c751e8b465ee728b)
Start importing Assets/POLYGON city pack/Prefabs/Buildings/Building_D_prefab.prefab using Guid(7df26aa64e4b3fc48933a809e1a48078) Importer(815301076,1909f56bfc062723c751e8b465ee728b)  -> (artifact id: 'c755bc5a9b11c7fd3818bc59199f1668') in 0.099113 seconds 
========================================================================
Received Import Request.
  Time since last request: 0.000043 seconds.
  path: Assets/POLYGON city pack/Prefabs/Buildings/Building_E_prefab.prefab
  artifactKey: Guid(5b71bcfe27faa8a4a9ec939bb5377114) Importer(815301076,1909f56bfc062723c751e8b465ee728b)
Start importing Assets/POLYGON city pack/Prefabs/Buildings/Building_E_prefab.prefab using Guid(5b71bcfe27faa8a4a9ec939bb5377114) Importer(815301076,1909f56bfc062723c751e8b465ee728b)  -> (artifact id: '9753c32c8dcc56558ac23e2c036289a0') in 0.063381 seconds 
========================================================================
Received Import Request.
  Time since last request: 289.731405 seconds.
  path: Assets/POLYGON city pack/Prefabs/Lamps/Lamp_2_prefab.prefab
  artifactKey: Guid(e4485e1bf16c1634eb7efdd39779175d) Importer(815301076,1909f56bfc062723c751e8b465ee728b)
Start importing Assets/POLYGON city pack/Prefabs/Lamps/Lamp_2_prefab.prefab using Guid(e4485e1bf16c1634eb7efdd39779175d) Importer(815301076,1909f56bfc062723c751e8b465ee728b)  -> (artifact id: '1438a17a87aaf3d6be46ae6b387d8dcb') in 0.043619 seconds 
========================================================================
Received Import Request.
  Time since last request: 0.000106 seconds.
  path: Assets/POLYGON city pack/Prefabs/Lamps/Lamp_7_prefab.prefab
  artifactKey: Guid(48c232ddc1938bc40b73a1685a1672b1) Importer(815301076,1909f56bfc062723c751e8b465ee728b)
Start importing Assets/POLYGON city pack/Prefabs/Lamps/Lamp_7_prefab.prefab using Guid(48c232ddc1938bc40b73a1685a1672b1) Importer(815301076,1909f56bfc062723c751e8b465ee728b)  -> (artifact id: '193058079ab7fd5612fef7488d18c76f') in 0.050999 seconds 
========================================================================
Received Import Request.
  Time since last request: 0.000115 seconds.
  path: Assets/POLYGON city pack/Prefabs/Lamps/Lamp_5_prefab.prefab
  artifactKey: Guid(c843625d7d71737438cdcd19ad728753) Importer(815301076,1909f56bfc062723c751e8b465ee728b)
Start importing Assets/POLYGON city pack/Prefabs/Lamps/Lamp_5_prefab.prefab using Guid(c843625d7d71737438cdcd19ad728753) Importer(815301076,1909f56bfc062723c751e8b465ee728b)  -> (artifact id: 'dbb5b48da5cb42d9b13ae1b723bda593') in 0.057352 seconds 
========================================================================
Received Import Request.
  Time since last request: 0.000062 seconds.
  path: Assets/POLYGON city pack/Prefabs/Lamps/street_lamp 1 prefab.prefab
  artifactKey: Guid(6825a3fe8a1605f42a0d0589e582ac40) Importer(815301076,1909f56bfc062723c751e8b465ee728b)
Start importing Assets/POLYGON city pack/Prefabs/Lamps/street_lamp 1 prefab.prefab using Guid(6825a3fe8a1605f42a0d0589e582ac40) Importer(815301076,1909f56bfc062723c751e8b465ee728b)  -> (artifact id: 'c8a71c97190441a165a8370986893846') in 0.049867 seconds 
========================================================================
Received Import Request.
  Time since last request: 3.161475 seconds.
  path: Assets/POLYGON city pack/Prefabs/Letters/Letter_B_Prefab.prefab
  artifactKey: Guid(57671d8d7e3c6ac4484342e67b69f13a) Importer(815301076,1909f56bfc062723c751e8b465ee728b)
Start importing Assets/POLYGON city pack/Prefabs/Letters/Letter_B_Prefab.prefab using Guid(57671d8d7e3c6ac4484342e67b69f13a) Importer(815301076,1909f56bfc062723c751e8b465ee728b)  -> (artifact id: '40af127631b88637b0ae2d4755431ffa') in 0.032828 seconds 
========================================================================
Received Import Request.
  Time since last request: 0.000038 seconds.
  path: Assets/POLYGON city pack/Prefabs/Letters/Letter_F_Prefab.prefab
  artifactKey: Guid(88e3cb9a63aebb648aafa17c2b585aef) Importer(815301076,1909f56bfc062723c751e8b465ee728b)
Start importing Assets/POLYGON city pack/Prefabs/Letters/Letter_F_Prefab.prefab using Guid(88e3cb9a63aebb648aafa17c2b585aef) Importer(815301076,1909f56bfc062723c751e8b465ee728b)  -> (artifact id: '27ee4e9feb297f8909e7b7764e89cc8b') in 0.026340 seconds 
========================================================================
Received Import Request.
  Time since last request: 0.000042 seconds.
  path: Assets/POLYGON city pack/Prefabs/Letters/Letter_D_Prefab.prefab
  artifactKey: Guid(b5adf05bb13f2d845934cb5ad393fb91) Importer(815301076,1909f56bfc062723c751e8b465ee728b)
Start importing Assets/POLYGON city pack/Prefabs/Letters/Letter_D_Prefab.prefab using Guid(b5adf05bb13f2d845934cb5ad393fb91) Importer(815301076,1909f56bfc062723c751e8b465ee728b)  -> (artifact id: '7c245600b6ab9a9ba134542065376442') in 0.034221 seconds 
========================================================================
Received Import Request.
  Time since last request: 0.000042 seconds.
  path: Assets/POLYGON city pack/Prefabs/Letters/Letter_T_Prefab.prefab
  artifactKey: Guid(624f250b25af37343ada3e052b9968b1) Importer(815301076,1909f56bfc062723c751e8b465ee728b)
Start importing Assets/POLYGON city pack/Prefabs/Letters/Letter_T_Prefab.prefab using Guid(624f250b25af37343ada3e052b9968b1) Importer(815301076,1909f56bfc062723c751e8b465ee728b)  -> (artifact id: 'cfd133cfa0d9bcc58048817b823b5aa1') in 0.025978 seconds 
========================================================================
Received Import Request.
  Time since last request: 0.000039 seconds.
  path: Assets/POLYGON city pack/Prefabs/Letters/Letter_R_Prefab.prefab
  artifactKey: Guid(61b323fb6c8919949b372fc09502107d) Importer(815301076,1909f56bfc062723c751e8b465ee728b)
Start importing Assets/POLYGON city pack/Prefabs/Letters/Letter_R_Prefab.prefab using Guid(61b323fb6c8919949b372fc09502107d) Importer(815301076,1909f56bfc062723c751e8b465ee728b)  -> (artifact id: 'cdd9c9c0e43aa4f279712676f27fa38f') in 0.051116 seconds 
========================================================================
Received Import Request.
  Time since last request: 0.000031 seconds.
  path: Assets/POLYGON city pack/Prefabs/Letters/Letter_P_Prefab.prefab
  artifactKey: Guid(8974ac32dde6fd848bebffb7724a1aeb) Importer(815301076,1909f56bfc062723c751e8b465ee728b)
Start importing Assets/POLYGON city pack/Prefabs/Letters/Letter_P_Prefab.prefab using Guid(8974ac32dde6fd848bebffb7724a1aeb) Importer(815301076,1909f56bfc062723c751e8b465ee728b)  -> (artifact id: 'bc3924f5b7890caf5f5655e2e8e0712e') in 0.037769 seconds 
========================================================================
Received Import Request.
  Time since last request: 0.000064 seconds.
  path: Assets/POLYGON city pack/Prefabs/Letters/Letter_H_Prefab.prefab
  artifactKey: Guid(c5e09aa47d89a3b41a039ade63f867b0) Importer(815301076,1909f56bfc062723c751e8b465ee728b)
Start importing Assets/POLYGON city pack/Prefabs/Letters/Letter_H_Prefab.prefab using Guid(c5e09aa47d89a3b41a039ade63f867b0) Importer(815301076,1909f56bfc062723c751e8b465ee728b)  -> (artifact id: 'c3f57d362c5e8c4e852df29432c02158') in 0.034880 seconds 
========================================================================
Received Import Request.
  Time since last request: 0.000049 seconds.
  path: Assets/POLYGON city pack/Prefabs/Letters/Letter_X_Prefab.prefab
  artifactKey: Guid(2d6b3d1847e9e6f46902c988da524081) Importer(815301076,1909f56bfc062723c751e8b465ee728b)
Start importing Assets/POLYGON city pack/Prefabs/Letters/Letter_X_Prefab.prefab using Guid(2d6b3d1847e9e6f46902c988da524081) Importer(815301076,1909f56bfc062723c751e8b465ee728b)  -> (artifact id: 'ac8340846b4adf4a1a192e3ac54f8236') in 0.050351 seconds 
========================================================================
Received Import Request.
  Time since last request: 0.000048 seconds.
  path: Assets/POLYGON city pack/Prefabs/Letters/Letter_M_Prefab.prefab
  artifactKey: Guid(99425f43b7fcd40418bff56972c15b23) Importer(815301076,1909f56bfc062723c751e8b465ee728b)
Start importing Assets/POLYGON city pack/Prefabs/Letters/Letter_M_Prefab.prefab using Guid(99425f43b7fcd40418bff56972c15b23) Importer(815301076,1909f56bfc062723c751e8b465ee728b)  -> (artifact id: '1285ef6cf5e17650a77f299e52d69fd0') in 0.053868 seconds 
========================================================================
Received Import Request.
  Time since last request: 0.000045 seconds.
  path: Assets/POLYGON city pack/Prefabs/Letters/Letter_Z_Prefab.prefab
  artifactKey: Guid(3d1a7b5520cd4504fa9c2d0c7896d270) Importer(815301076,1909f56bfc062723c751e8b465ee728b)
Start importing Assets/POLYGON city pack/Prefabs/Letters/Letter_Z_Prefab.prefab using Guid(3d1a7b5520cd4504fa9c2d0c7896d270) Importer(815301076,1909f56bfc062723c751e8b465ee728b)  -> (artifact id: '73748786fa1d6917a1d0bb4f49fe0d62') in 0.040059 seconds 
========================================================================
Received Import Request.
  Time since last request: 0.000076 seconds.
  path: Assets/POLYGON city pack/Prefabs/Letters/Letter_O_Prefab.prefab
  artifactKey: Guid(1388611d0c053e54ab3bb60eb6e40eb0) Importer(815301076,1909f56bfc062723c751e8b465ee728b)
Start importing Assets/POLYGON city pack/Prefabs/Letters/Letter_O_Prefab.prefab using Guid(1388611d0c053e54ab3bb60eb6e40eb0) Importer(815301076,1909f56bfc062723c751e8b465ee728b)  -> (artifact id: '13492ba3fbb42dd22a114e49f626b8ea') in 0.040674 seconds 
========================================================================
Received Import Request.
  Time since last request: 0.000058 seconds.
  path: Assets/POLYGON city pack/Prefabs/Letters/Letter_V_Prefab.prefab
  artifactKey: Guid(39327451d36aac1409ec3750439e7a28) Importer(815301076,1909f56bfc062723c751e8b465ee728b)
Start importing Assets/POLYGON city pack/Prefabs/Letters/Letter_V_Prefab.prefab using Guid(39327451d36aac1409ec3750439e7a28) Importer(815301076,1909f56bfc062723c751e8b465ee728b)  -> (artifact id: '51bca51ad169f86447abce7ed366b9f5') in 0.049606 seconds 
========================================================================
Received Import Request.
  Time since last request: 0.000033 seconds.
  path: Assets/POLYGON city pack/Prefabs/Letters/Letter_Y_Prefab.prefab
  artifactKey: Guid(7a84762656a300e40b7f661a09c36e7f) Importer(815301076,1909f56bfc062723c751e8b465ee728b)
Start importing Assets/POLYGON city pack/Prefabs/Letters/Letter_Y_Prefab.prefab using Guid(7a84762656a300e40b7f661a09c36e7f) Importer(815301076,1909f56bfc062723c751e8b465ee728b)  -> (artifact id: '25b916962d48dd2de674328563f9b643') in 0.053029 seconds 
========================================================================
Received Import Request.
  Time since last request: 2.003938 seconds.
  path: Assets/POLYGON city pack/Prefabs/Props/air conditioner roof Prefab.prefab
  artifactKey: Guid(a56a9ff0410540141a4b57353191a959) Importer(815301076,1909f56bfc062723c751e8b465ee728b)
Start importing Assets/POLYGON city pack/Prefabs/Props/air conditioner roof Prefab.prefab using Guid(a56a9ff0410540141a4b57353191a959) Importer(815301076,1909f56bfc062723c751e8b465ee728b)  -> (artifact id: '5da5b4618dd4689e56dfb673e541f204') in 0.058905 seconds 
========================================================================
Received Import Request.
  Time since last request: 0.000024 seconds.
  path: Assets/POLYGON city pack/Prefabs/Props/ATM_prefab.prefab
  artifactKey: Guid(971885f35036d834d9e87999c41920fe) Importer(815301076,1909f56bfc062723c751e8b465ee728b)
Start importing Assets/POLYGON city pack/Prefabs/Props/ATM_prefab.prefab using Guid(971885f35036d834d9e87999c41920fe) Importer(815301076,1909f56bfc062723c751e8b465ee728b)  -> (artifact id: '13cb7a1f2f6cb3b1f3b9a54ca0a0237d') in 0.077788 seconds 
========================================================================
Received Import Request.
  Time since last request: 0.000056 seconds.
  path: Assets/POLYGON city pack/Prefabs/Props/Bank_sign Prefab.prefab
  artifactKey: Guid(d11c03cec4369ea4aa3d29744046d625) Importer(815301076,1909f56bfc062723c751e8b465ee728b)
Start importing Assets/POLYGON city pack/Prefabs/Props/Bank_sign Prefab.prefab using Guid(d11c03cec4369ea4aa3d29744046d625) Importer(815301076,1909f56bfc062723c751e8b465ee728b)  -> (artifact id: '6cada93c9d6bea3ecacb2e9149cff696') in 0.052424 seconds 
========================================================================
Received Import Request.
  Time since last request: 0.000044 seconds.
  path: Assets/POLYGON city pack/Prefabs/Props/GlassCola prefab.prefab
  artifactKey: Guid(d55339d5a4e0b8f41a0448068bd26f4e) Importer(815301076,1909f56bfc062723c751e8b465ee728b)
Start importing Assets/POLYGON city pack/Prefabs/Props/GlassCola prefab.prefab using Guid(d55339d5a4e0b8f41a0448068bd26f4e) Importer(815301076,1909f56bfc062723c751e8b465ee728b)  -> (artifact id: 'd2d594c4b770096f6ae3d30b4bcf461a') in 0.041833 seconds 
========================================================================
Received Import Request.
  Time since last request: 0.000027 seconds.
  path: Assets/POLYGON city pack/Prefabs/Props/Dynamic_power_pole_cable prefab.prefab
  artifactKey: Guid(0a804f15ce1f1d34eabed72f25b3d732) Importer(815301076,1909f56bfc062723c751e8b465ee728b)
Start importing Assets/POLYGON city pack/Prefabs/Props/Dynamic_power_pole_cable prefab.prefab using Guid(0a804f15ce1f1d34eabed72f25b3d732) Importer(815301076,1909f56bfc062723c751e8b465ee728b)  -> (artifact id: '6d84eebf6ca07a5af6662c99afe4edb3') in 0.085946 seconds 
========================================================================
Received Import Request.
  Time since last request: 0.000045 seconds.
  path: Assets/POLYGON city pack/Prefabs/Props/Flower 1 prefab H.prefab
  artifactKey: Guid(b1fb400995a0fe641bd3e5fdfb630751) Importer(815301076,1909f56bfc062723c751e8b465ee728b)
Start importing Assets/POLYGON city pack/Prefabs/Props/Flower 1 prefab H.prefab using Guid(b1fb400995a0fe641bd3e5fdfb630751) Importer(815301076,1909f56bfc062723c751e8b465ee728b)  -> (artifact id: 'cbc954862707d4c5d21eabe4b59d5e67') in 0.421176 seconds 
========================================================================
Received Import Request.
  Time since last request: 0.000035 seconds.
  path: Assets/POLYGON city pack/Prefabs/Props/fence c prefab.prefab
  artifactKey: Guid(6c59ef0028580ac429571adf93ff0a16) Importer(815301076,1909f56bfc062723c751e8b465ee728b)
Start importing Assets/POLYGON city pack/Prefabs/Props/fence c prefab.prefab using Guid(6c59ef0028580ac429571adf93ff0a16) Importer(815301076,1909f56bfc062723c751e8b465ee728b)  -> (artifact id: 'db959134bcedd15f8a81688d498a92bf') in 0.059165 seconds 
========================================================================
Received Import Request.
  Time since last request: 0.000053 seconds.
  path: Assets/POLYGON city pack/Prefabs/Props/hedge 1m prefab.prefab
  artifactKey: Guid(21048f3cc3ec7d54286ad6aba869f84b) Importer(815301076,1909f56bfc062723c751e8b465ee728b)
Start importing Assets/POLYGON city pack/Prefabs/Props/hedge 1m prefab.prefab using Guid(21048f3cc3ec7d54286ad6aba869f84b) Importer(815301076,1909f56bfc062723c751e8b465ee728b)  -> (artifact id: 'bd76cf33f8600121528cb36ba40f9891') in 0.073328 seconds 
========================================================================
Received Import Request.
  Time since last request: 0.000034 seconds.
  path: Assets/POLYGON city pack/Prefabs/Props/bush prefab.prefab
  artifactKey: Guid(fb63f2d87ad55dd42891f1e2dbfe660d) Importer(815301076,1909f56bfc062723c751e8b465ee728b)
Start importing Assets/POLYGON city pack/Prefabs/Props/bush prefab.prefab using Guid(fb63f2d87ad55dd42891f1e2dbfe660d) Importer(815301076,1909f56bfc062723c751e8b465ee728b)  -> (artifact id: 'd905a8aa88a18fd097afba3ab8621ea1') in 0.062005 seconds 
========================================================================
Received Import Request.
  Time since last request: 0.000051 seconds.
  path: Assets/POLYGON city pack/Prefabs/Props/Fence_B_1 prefab.prefab
  artifactKey: Guid(a0c9730978f0d194c9b79ac6b6aa2c60) Importer(815301076,1909f56bfc062723c751e8b465ee728b)
Start importing Assets/POLYGON city pack/Prefabs/Props/Fence_B_1 prefab.prefab using Guid(a0c9730978f0d194c9b79ac6b6aa2c60) Importer(815301076,1909f56bfc062723c751e8b465ee728b)  -> (artifact id: '9fa6ccb045ee40e23ce1596461d3111f') in 0.032952 seconds 
========================================================================
Received Import Request.
  Time since last request: 0.000184 seconds.
  path: Assets/POLYGON city pack/Prefabs/Props/flower 3 prefab.prefab
  artifactKey: Guid(6b24ffcfe69c69248a5197ca61cb57bf) Importer(815301076,1909f56bfc062723c751e8b465ee728b)
Start importing Assets/POLYGON city pack/Prefabs/Props/flower 3 prefab.prefab using Guid(6b24ffcfe69c69248a5197ca61cb57bf) Importer(815301076,1909f56bfc062723c751e8b465ee728b)  -> (artifact id: '13b66e99603fd5a79b50549a60959a08') in 0.055259 seconds 
========================================================================
Received Import Request.
  Time since last request: 0.000044 seconds.
  path: Assets/POLYGON city pack/Prefabs/Props/Hospital_sign prefab.prefab
  artifactKey: Guid(59f2f37d570039d41891cb6cb0bf2011) Importer(815301076,1909f56bfc062723c751e8b465ee728b)
Start importing Assets/POLYGON city pack/Prefabs/Props/Hospital_sign prefab.prefab using Guid(59f2f37d570039d41891cb6cb0bf2011) Importer(815301076,1909f56bfc062723c751e8b465ee728b)  -> (artifact id: '3377e745f54bc0f1697d54056305ecbb') in 0.041343 seconds 
========================================================================
Received Import Request.
  Time since last request: 0.000055 seconds.
  path: Assets/POLYGON city pack/Prefabs/Props/Bush 2 mass prefab.prefab
  artifactKey: Guid(7c311e85b96e43d4aaaf68e86c127195) Importer(815301076,1909f56bfc062723c751e8b465ee728b)
Start importing Assets/POLYGON city pack/Prefabs/Props/Bush 2 mass prefab.prefab using Guid(7c311e85b96e43d4aaaf68e86c127195) Importer(815301076,1909f56bfc062723c751e8b465ee728b)  -> (artifact id: '92c9b7501acdae5493218db68736b434') in 0.071613 seconds 
========================================================================
Received Import Request.
  Time since last request: 0.000068 seconds.
  path: Assets/POLYGON city pack/Prefabs/Props/Flower 1 prefab G.prefab
  artifactKey: Guid(e698f0d8234b54e419217034d057fe59) Importer(815301076,1909f56bfc062723c751e8b465ee728b)
Start importing Assets/POLYGON city pack/Prefabs/Props/Flower 1 prefab G.prefab using Guid(e698f0d8234b54e419217034d057fe59) Importer(815301076,1909f56bfc062723c751e8b465ee728b)  -> (artifact id: 'f8da3e7601fa4521389e9f67d2a868ba') in 0.062572 seconds 
========================================================================
Received Import Request.
  Time since last request: 0.000106 seconds.
  path: Assets/POLYGON city pack/Prefabs/Props/Can_orange prefab.prefab
  artifactKey: Guid(fc7f1d4af8d817e4f98e42d198325d99) Importer(815301076,1909f56bfc062723c751e8b465ee728b)
Start importing Assets/POLYGON city pack/Prefabs/Props/Can_orange prefab.prefab using Guid(fc7f1d4af8d817e4f98e42d198325d99) Importer(815301076,1909f56bfc062723c751e8b465ee728b)  -> (artifact id: '9ee911c33fc3ac034687af2679da48f8') in 0.049819 seconds 
========================================================================
Received Import Request.
  Time since last request: 0.000038 seconds.
  path: Assets/POLYGON city pack/Prefabs/Props/BurgerSho_Sign prefab.prefab
  artifactKey: Guid(331204bcfe96d5f4d83f7bdf75ea0873) Importer(815301076,1909f56bfc062723c751e8b465ee728b)
Start importing Assets/POLYGON city pack/Prefabs/Props/BurgerSho_Sign prefab.prefab using Guid(331204bcfe96d5f4d83f7bdf75ea0873) Importer(815301076,1909f56bfc062723c751e8b465ee728b)  -> (artifact id: 'c65b9c5eb7c40ff3c5ae5dd66596ecfc') in 0.041942 seconds 
========================================================================
Received Import Request.
  Time since last request: 0.000265 seconds.
  path: Assets/POLYGON city pack/Prefabs/Props/bench prefab.prefab
  artifactKey: Guid(80c5916b9606ce646be16611d9a06d13) Importer(815301076,1909f56bfc062723c751e8b465ee728b)
Start importing Assets/POLYGON city pack/Prefabs/Props/bench prefab.prefab using Guid(80c5916b9606ce646be16611d9a06d13) Importer(815301076,1909f56bfc062723c751e8b465ee728b)  -> (artifact id: '80e78a4ba3cbd1624c618e1dc1205e87') in 0.048257 seconds 
========================================================================
Received Import Request.
  Time since last request: 0.000056 seconds.
  path: Assets/POLYGON city pack/Prefabs/Props/Hydrant prefab.prefab
  artifactKey: Guid(abc98a3329f924b4680c86edde08968d) Importer(815301076,1909f56bfc062723c751e8b465ee728b)
Start importing Assets/POLYGON city pack/Prefabs/Props/Hydrant prefab.prefab using Guid(abc98a3329f924b4680c86edde08968d) Importer(815301076,1909f56bfc062723c751e8b465ee728b)  -> (artifact id: '6561c4992ceac02dd0484a970421cbd3') in 0.059777 seconds 
========================================================================
Received Import Request.
  Time since last request: 0.000066 seconds.
  path: Assets/POLYGON city pack/Prefabs/Props/flower 2 prefab.prefab
  artifactKey: Guid(0f1f4c4f42ef5c74c8dd43866325948d) Importer(815301076,1909f56bfc062723c751e8b465ee728b)
Start importing Assets/POLYGON city pack/Prefabs/Props/flower 2 prefab.prefab using Guid(0f1f4c4f42ef5c74c8dd43866325948d) Importer(815301076,1909f56bfc062723c751e8b465ee728b)  -> (artifact id: '61867a9a9983e47a699eadcebd196486') in 0.036032 seconds 
========================================================================
Received Import Request.
  Time since last request: 0.000170 seconds.
  path: Assets/POLYGON city pack/Prefabs/Props/Flower 1 prefab E.prefab
  artifactKey: Guid(662342a1f0535f34db513eb61d76ee9f) Importer(815301076,1909f56bfc062723c751e8b465ee728b)
Start importing Assets/POLYGON city pack/Prefabs/Props/Flower 1 prefab E.prefab using Guid(662342a1f0535f34db513eb61d76ee9f) Importer(815301076,1909f56bfc062723c751e8b465ee728b)  -> (artifact id: 'c5a84c26b87cca1f82e1bb0bfb52504e') in 0.036624 seconds 
========================================================================
Received Import Request.
  Time since last request: 0.000046 seconds.
  path: Assets/POLYGON city pack/Prefabs/Props/Can_lemon prefab.prefab
  artifactKey: Guid(af9d0903bfdf9c749ac85725af5631ec) Importer(815301076,1909f56bfc062723c751e8b465ee728b)
Start importing Assets/POLYGON city pack/Prefabs/Props/Can_lemon prefab.prefab using Guid(af9d0903bfdf9c749ac85725af5631ec) Importer(815301076,1909f56bfc062723c751e8b465ee728b)  -> (artifact id: 'caaedadeb0f13106d6e18c4d666498c6') in 0.055798 seconds 
========================================================================
Received Import Request.
  Time since last request: 0.000029 seconds.
  path: Assets/POLYGON city pack/Prefabs/Props/Grass mass_prefab.prefab
  artifactKey: Guid(e53777a03d3be324ab0664ab7ef3d886) Importer(815301076,1909f56bfc062723c751e8b465ee728b)
Start importing Assets/POLYGON city pack/Prefabs/Props/Grass mass_prefab.prefab using Guid(e53777a03d3be324ab0664ab7ef3d886) Importer(815301076,1909f56bfc062723c751e8b465ee728b)  -> (artifact id: 'cb35e403e9e8c9efa2aa2327e5bf4681') in 0.038930 seconds 
========================================================================
Received Import Request.
  Time since last request: 0.000032 seconds.
  path: Assets/POLYGON city pack/Prefabs/Props/hedge prefab.prefab
  artifactKey: Guid(3f544eaa13dc7074cba3aed998b27842) Importer(815301076,1909f56bfc062723c751e8b465ee728b)
Start importing Assets/POLYGON city pack/Prefabs/Props/hedge prefab.prefab using Guid(3f544eaa13dc7074cba3aed998b27842) Importer(815301076,1909f56bfc062723c751e8b465ee728b)  -> (artifact id: '87ef8ce42e24cbe9caefd890b692c26f') in 0.035347 seconds 
========================================================================
Received Import Request.
  Time since last request: 0.000052 seconds.
  path: Assets/POLYGON city pack/Prefabs/Props/Bin prefab.prefab
  artifactKey: Guid(dd28fe4d5eb7bcb479b5338f128cdf70) Importer(815301076,1909f56bfc062723c751e8b465ee728b)
Start importing Assets/POLYGON city pack/Prefabs/Props/Bin prefab.prefab using Guid(dd28fe4d5eb7bcb479b5338f128cdf70) Importer(815301076,1909f56bfc062723c751e8b465ee728b)  -> (artifact id: '2cbe3c1dada6c9f2ddc7f0a090382e75') in 0.040356 seconds 
========================================================================
Received Import Request.
  Time since last request: 0.000065 seconds.
  path: Assets/POLYGON city pack/Prefabs/Props/Big_trash_bin prefab.prefab
  artifactKey: Guid(331560f2206dc024cb084301a19c05ad) Importer(815301076,1909f56bfc062723c751e8b465ee728b)
Start importing Assets/POLYGON city pack/Prefabs/Props/Big_trash_bin prefab.prefab using Guid(331560f2206dc024cb084301a19c05ad) Importer(815301076,1909f56bfc062723c751e8b465ee728b)  -> (artifact id: 'f273bfe919eb6b7aad009ccee6a626f1') in 0.041785 seconds 
========================================================================
Received Import Request.
  Time since last request: 0.000031 seconds.
  path: Assets/POLYGON city pack/Prefabs/Props/platt pole prefab.prefab
  artifactKey: Guid(512782c78ed494441ad23e5fe0ab6a59) Importer(815301076,1909f56bfc062723c751e8b465ee728b)
Start importing Assets/POLYGON city pack/Prefabs/Props/platt pole prefab.prefab using Guid(512782c78ed494441ad23e5fe0ab6a59) Importer(815301076,1909f56bfc062723c751e8b465ee728b)  -> (artifact id: '4a70428293684293f9e91d6630088e41') in 0.044744 seconds 
========================================================================
Received Import Request.
  Time since last request: 0.000039 seconds.
  path: Assets/POLYGON city pack/Prefabs/Props/Pot_tree prefab.prefab
  artifactKey: Guid(8e00364320862a746a6e67a5af5e5979) Importer(815301076,1909f56bfc062723c751e8b465ee728b)
Start importing Assets/POLYGON city pack/Prefabs/Props/Pot_tree prefab.prefab using Guid(8e00364320862a746a6e67a5af5e5979) Importer(815301076,1909f56bfc062723c751e8b465ee728b)  -> (artifact id: 'f229920f841c21602eb8b6a15dbb03b4') in 0.065876 seconds 
========================================================================
Received Import Request.
  Time since last request: 0.000030 seconds.
  path: Assets/POLYGON city pack/Prefabs/Props/parking meter prefab.prefab
  artifactKey: Guid(dbdf3da5684f16d4fb4464f7337c942e) Importer(815301076,1909f56bfc062723c751e8b465ee728b)
Start importing Assets/POLYGON city pack/Prefabs/Props/parking meter prefab.prefab using Guid(dbdf3da5684f16d4fb4464f7337c942e) Importer(815301076,1909f56bfc062723c751e8b465ee728b)  -> (artifact id: '02d5f96e20ac55b6ba40c250109c61b4') in 0.056692 seconds 
========================================================================
Received Import Request.
  Time since last request: 0.000090 seconds.
  path: Assets/POLYGON city pack/Prefabs/Props/plant 1 prefab.prefab
  artifactKey: Guid(d15d3707ee72e6e4992de2448a2bfccb) Importer(815301076,1909f56bfc062723c751e8b465ee728b)
Start importing Assets/POLYGON city pack/Prefabs/Props/plant 1 prefab.prefab using Guid(d15d3707ee72e6e4992de2448a2bfccb) Importer(815301076,1909f56bfc062723c751e8b465ee728b)  -> (artifact id: '2547a7d0203c7a369cf7389d1dd00511') in 0.058224 seconds 
========================================================================
Received Import Request.
  Time since last request: 0.000039 seconds.
  path: Assets/POLYGON city pack/Prefabs/Props/platt sign 4 prefab.prefab
  artifactKey: Guid(8375612b26134aa47966b68d5e0b25bb) Importer(815301076,1909f56bfc062723c751e8b465ee728b)
Start importing Assets/POLYGON city pack/Prefabs/Props/platt sign 4 prefab.prefab using Guid(8375612b26134aa47966b68d5e0b25bb) Importer(815301076,1909f56bfc062723c751e8b465ee728b)  -> (artifact id: '553a89f168f0831a1b5b7a9d592c6957') in 0.053123 seconds 
========================================================================
Received Import Request.
  Time since last request: 5.800171 seconds.
  path: Assets/POLYGON city pack/Prefabs/Props/shopping cart prefab.prefab
  artifactKey: Guid(e70233268e8d3e64187fc14a41cacef0) Importer(815301076,1909f56bfc062723c751e8b465ee728b)
Start importing Assets/POLYGON city pack/Prefabs/Props/shopping cart prefab.prefab using Guid(e70233268e8d3e64187fc14a41cacef0) Importer(815301076,1909f56bfc062723c751e8b465ee728b)  -> (artifact id: '7192600ce1c2c55ae9114feeac820486') in 0.242113 seconds 
========================================================================
Received Import Request.
  Time since last request: 0.000050 seconds.
  path: Assets/POLYGON city pack/Prefabs/Props/stone pot prefab.prefab
  artifactKey: Guid(7f788b3ac76896b459c93cf4d673fa57) Importer(815301076,1909f56bfc062723c751e8b465ee728b)
Start importing Assets/POLYGON city pack/Prefabs/Props/stone pot prefab.prefab using Guid(7f788b3ac76896b459c93cf4d673fa57) Importer(815301076,1909f56bfc062723c751e8b465ee728b)  -> (artifact id: 'b5ef73adb91136afa68c6bab95c1f840') in 0.054269 seconds 
========================================================================
Received Import Request.
  Time since last request: 0.000040 seconds.
  path: Assets/POLYGON city pack/Prefabs/Props/Traffic_pot prefab.prefab
  artifactKey: Guid(419d31cd2358c274b93f3ed5fac4773f) Importer(815301076,1909f56bfc062723c751e8b465ee728b)
Start importing Assets/POLYGON city pack/Prefabs/Props/Traffic_pot prefab.prefab using Guid(419d31cd2358c274b93f3ed5fac4773f) Importer(815301076,1909f56bfc062723c751e8b465ee728b)  -> (artifact id: 'b997587820be50d7e83a29a2a793c349') in 0.067021 seconds 
========================================================================
Received Import Request.
  Time since last request: 0.000066 seconds.
  path: Assets/POLYGON city pack/Prefabs/Props/traffic_warning_stand prefab.prefab
  artifactKey: Guid(883cf758fdbaad44fbf987329131dbfb) Importer(815301076,1909f56bfc062723c751e8b465ee728b)
Start importing Assets/POLYGON city pack/Prefabs/Props/traffic_warning_stand prefab.prefab using Guid(883cf758fdbaad44fbf987329131dbfb) Importer(815301076,1909f56bfc062723c751e8b465ee728b)  -> (artifact id: 'aeb7ed768b4659daa8d99652b5cbd8b4') in 0.068566 seconds 
========================================================================
Received Import Request.
  Time since last request: 0.000041 seconds.
  path: Assets/POLYGON city pack/Prefabs/Props/trashBag prefab.prefab
  artifactKey: Guid(b0bb4b9691721cf4791e1124d867edd8) Importer(815301076,1909f56bfc062723c751e8b465ee728b)
Start importing Assets/POLYGON city pack/Prefabs/Props/trashBag prefab.prefab using Guid(b0bb4b9691721cf4791e1124d867edd8) Importer(815301076,1909f56bfc062723c751e8b465ee728b)  -> (artifact id: 'd80585c026b0c3d71751598acaec83c5') in 0.051517 seconds 
========================================================================
Received Import Request.
  Time since last request: 0.000029 seconds.
  path: Assets/POLYGON city pack/Prefabs/Props/Stone 3 Prefab.prefab
  artifactKey: Guid(5d51484289d125e48b3eecf5fbd4d7c9) Importer(815301076,1909f56bfc062723c751e8b465ee728b)
Start importing Assets/POLYGON city pack/Prefabs/Props/Stone 3 Prefab.prefab using Guid(5d51484289d125e48b3eecf5fbd4d7c9) Importer(815301076,1909f56bfc062723c751e8b465ee728b)  -> (artifact id: 'd9335d785175dbdb67f6ca6679ef7a17') in 0.043101 seconds 
========================================================================
Received Import Request.
  Time since last request: 0.000073 seconds.
  path: Assets/POLYGON city pack/Prefabs/Props/Traffic light 3 Prefab.prefab
  artifactKey: Guid(2da3775d316a3e04da01b3c659ee96db) Importer(815301076,1909f56bfc062723c751e8b465ee728b)
Start importing Assets/POLYGON city pack/Prefabs/Props/Traffic light 3 Prefab.prefab using Guid(2da3775d316a3e04da01b3c659ee96db) Importer(815301076,1909f56bfc062723c751e8b465ee728b)  -> (artifact id: '8520d814d5ef16ce8e676cb43379924c') in 0.045454 seconds 
========================================================================
Received Import Request.
  Time since last request: 0.241403 seconds.
  path: Assets/POLYGON city pack/Prefabs/Props/Wall 3 prefab.prefab
  artifactKey: Guid(d3279157e4e75be44a4c862cb4e328a3) Importer(815301076,1909f56bfc062723c751e8b465ee728b)
Start importing Assets/POLYGON city pack/Prefabs/Props/Wall 3 prefab.prefab using Guid(d3279157e4e75be44a4c862cb4e328a3) Importer(815301076,1909f56bfc062723c751e8b465ee728b)  -> (artifact id: '7b3cb905f3e2e9566bcefb5c173f8a41') in 0.033494 seconds 
========================================================================
Received Import Request.
  Time since last request: 0.000062 seconds.
  path: Assets/POLYGON city pack/Prefabs/Props/Wall 7 prefab.prefab
  artifactKey: Guid(f902153ff8ccfb04091c1bd2019134b8) Importer(815301076,1909f56bfc062723c751e8b465ee728b)
Start importing Assets/POLYGON city pack/Prefabs/Props/Wall 7 prefab.prefab using Guid(f902153ff8ccfb04091c1bd2019134b8) Importer(815301076,1909f56bfc062723c751e8b465ee728b)  -> (artifact id: '36c8dae781e1cdfe8ce63f3cf8a8b2b8') in 0.047323 seconds 
========================================================================
Received Import Request.
  Time since last request: 0.000058 seconds.
  path: Assets/POLYGON city pack/Prefabs/Props/wrench prefab.prefab
  artifactKey: Guid(b3fc4a46e12c3c9438328b649f2ba084) Importer(815301076,1909f56bfc062723c751e8b465ee728b)
Start importing Assets/POLYGON city pack/Prefabs/Props/wrench prefab.prefab using Guid(b3fc4a46e12c3c9438328b649f2ba084) Importer(815301076,1909f56bfc062723c751e8b465ee728b)  -> (artifact id: 'adcfcda516059fa881a0fbe6c4dfc277') in 0.035940 seconds 
Editor requested this worker to shutdown with reason: Scaling down because of idle timeout
AssetImportWorker is now disconnected from the server
Process exiting
Exiting without the bug reporter. Application will terminate with return code 0